

================================================================
== Vitis HLS Report for 'argmax'
================================================================
* Date:           Sun Nov 10 15:49:35 2024

* Version:        2022.1.2 (Build 3605665 on Fri Aug  5 22:52:02 MDT 2022)
* Project:        bnn.prj
* Solution:       solution1 (Vivado IP Flow Target)
* Product family: virtexuplus
* Target device:  xcu280-fsvh2892-2L-e


================================================================
== Performance Estimates
================================================================
+ Timing: 
    * Summary: 
    +--------+----------+----------+------------+
    |  Clock |  Target  | Estimated| Uncertainty|
    +--------+----------+----------+------------+
    |ap_clk  |  10.00 ns|  2.097 ns|     2.70 ns|
    +--------+----------+----------+------------+

+ Latency: 
    * Summary: 
    +---------+---------+----------+----------+-----+-----+---------+
    |  Latency (cycles) |  Latency (absolute) |  Interval | Pipeline|
    |   min   |   max   |    min   |    max   | min | max |   Type  |
    +---------+---------+----------+----------+-----+-----+---------+
    |       15|       15|  0.150 us|  0.150 us|   15|   15|       no|
    +---------+---------+----------+----------+-----+-----+---------+

    + Detail: 
        * Instance: 
        +--------------------------------------+----------------------------+---------+---------+----------+----------+-----+-----+---------+
        |                                      |                            |  Latency (cycles) |  Latency (absolute) |  Interval | Pipeline|
        |               Instance               |           Module           |   min   |   max   |    min   |    max   | min | max |   Type  |
        +--------------------------------------+----------------------------+---------+---------+----------+----------+-----+-----+---------+
        |grp_argmax_Pipeline_digit_loop_fu_26  |argmax_Pipeline_digit_loop  |       11|       11|  0.110 us|  0.110 us|   11|   11|       no|
        +--------------------------------------+----------------------------+---------+---------+----------+----------+-----+-----+---------+

        * Loop: 
        N/A



================================================================
== Utilization Estimates
================================================================
* Summary: 
+---------------------+---------+------+---------+---------+-----+
|         Name        | BRAM_18K|  DSP |    FF   |   LUT   | URAM|
+---------------------+---------+------+---------+---------+-----+
|DSP                  |        -|     -|        -|        -|    -|
|Expression           |        -|     -|        -|        -|    -|
|FIFO                 |        -|     -|        -|        -|    -|
|Instance             |        -|     -|       31|      110|    -|
|Memory               |        -|     -|        -|        -|    -|
|Multiplexer          |        -|     -|        -|       59|    -|
|Register             |        -|     -|       16|        -|    -|
+---------------------+---------+------+---------+---------+-----+
|Total                |        0|     0|       47|      169|    0|
+---------------------+---------+------+---------+---------+-----+
|Available SLR        |     1344|  3008|   869120|   434560|  320|
+---------------------+---------+------+---------+---------+-----+
|Utilization SLR (%)  |        0|     0|       ~0|       ~0|    0|
+---------------------+---------+------+---------+---------+-----+
|Available            |     4032|  9024|  2607360|  1303680|  960|
+---------------------+---------+------+---------+---------+-----+
|Utilization (%)      |        0|     0|       ~0|       ~0|    0|
+---------------------+---------+------+---------+---------+-----+

+ Detail: 
    * Instance: 
    +--------------------------------------+----------------------------+---------+----+----+-----+-----+
    |               Instance               |           Module           | BRAM_18K| DSP| FF | LUT | URAM|
    +--------------------------------------+----------------------------+---------+----+----+-----+-----+
    |grp_argmax_Pipeline_digit_loop_fu_26  |argmax_Pipeline_digit_loop  |        0|   0|  31|  110|    0|
    +--------------------------------------+----------------------------+---------+----+----+-----+-----+
    |Total                                 |                            |        0|   0|  31|  110|    0|
    +--------------------------------------+----------------------------+---------+----+----+-----+-----+

    * DSP: 
    N/A

    * Memory: 
    N/A

    * FIFO: 
    N/A

    * Expression: 
    N/A

    * Multiplexer: 
    +------------------+----+-----------+-----+-----------+
    |       Name       | LUT| Input Size| Bits| Total Bits|
    +------------------+----+-----------+-----+-----------+
    |ap_NS_fsm         |  31|          6|    1|          6|
    |input_r_address0  |  14|          3|    4|         12|
    |input_r_ce0       |  14|          3|    1|          3|
    +------------------+----+-----------+-----+-----------+
    |Total             |  59|         12|    6|         21|
    +------------------+----+-----------+-----+-----------+

    * Register: 
    +---------------------------------------------------+----+----+-----+-----------+
    |                        Name                       | FF | LUT| Bits| Const Bits|
    +---------------------------------------------------+----+----+-----+-----------+
    |ap_CS_fsm                                          |   5|   0|    5|          0|
    |grp_argmax_Pipeline_digit_loop_fu_26_ap_start_reg  |   1|   0|    1|          0|
    |max_V_reg_48                                       |  10|   0|   10|          0|
    +---------------------------------------------------+----+----+-----+-----------+
    |Total                                              |  16|   0|   16|          0|
    +---------------------------------------------------+----+----+-----+-----------+



================================================================
== Interface
================================================================
* Summary: 
+------------------+-----+-----+------------+--------------+--------------+
|     RTL Ports    | Dir | Bits|  Protocol  | Source Object|    C Type    |
+------------------+-----+-----+------------+--------------+--------------+
|ap_clk            |   in|    1|  ap_ctrl_hs|        argmax|  return value|
|ap_rst            |   in|    1|  ap_ctrl_hs|        argmax|  return value|
|ap_start          |   in|    1|  ap_ctrl_hs|        argmax|  return value|
|ap_done           |  out|    1|  ap_ctrl_hs|        argmax|  return value|
|ap_idle           |  out|    1|  ap_ctrl_hs|        argmax|  return value|
|ap_ready          |  out|    1|  ap_ctrl_hs|        argmax|  return value|
|ap_return         |  out|    4|  ap_ctrl_hs|        argmax|  return value|
|input_r_address0  |  out|    4|   ap_memory|       input_r|         array|
|input_r_ce0       |  out|    1|   ap_memory|       input_r|         array|
|input_r_q0        |   in|   10|   ap_memory|       input_r|         array|
+------------------+-----+-----+------------+--------------+--------------+

