

================================================================
== Vitis HLS Report for 'bnn_xcel'
================================================================
* Date:           Sun Nov 10 15:49:39 2024

* Version:        2022.1.2 (Build 3605665 on Fri Aug  5 22:52:02 MDT 2022)
* Project:        bnn.prj
* Solution:       solution1 (Vivado IP Flow Target)
* Product family: virtexuplus
* Target device:  xcu280-fsvh2892-2L-e


================================================================
== Performance Estimates
================================================================
+ Timing: 
    * Summary: 
    +--------+----------+----------+------------+
    |  Clock |  Target  | Estimated| Uncertainty|
    +--------+----------+----------+------------+
    |ap_clk  |  10.00 ns|  7.130 ns|     2.70 ns|
    +--------+----------+----------+------------+

+ Latency: 
    * Summary: 
    +---------+---------+-----------+-----------+------+------+---------+
    |  Latency (cycles) |   Latency (absolute)  |   Interval  | Pipeline|
    |   min   |   max   |    min    |    max    |  min |  max |   Type  |
    +---------+---------+-----------+-----------+------+------+---------+
    |     3702|     3702|  37.020 us|  37.020 us|  3702|  3702|       no|
    +---------+---------+-----------+-----------+------+------+---------+

    + Detail: 
        * Instance: 
        +---------------------------------------------------------------+---------------------------------------------------+---------+---------+-----------+-----------+------+------+---------+
        |                                                               |                                                   |  Latency (cycles) |   Latency (absolute)  |   Interval  | Pipeline|
        |                            Instance                           |                       Module                      |   min   |   max   |    min    |    max    |  min |  max |   Type  |
        +---------------------------------------------------------------+---------------------------------------------------+---------+---------+-----------+-----------+------+------+---------+
        |grp_initialize_padded_memory_16_10_0_s_fu_3370                 |initialize_padded_memory_16_10_0_s                 |      162|      162|   1.620 us|   1.620 us|   162|   162|       no|
        |grp_bnn_xcel_Pipeline_VITIS_LOOP_23_2_VITIS_LOOP_24_3_fu_3390  |bnn_xcel_Pipeline_VITIS_LOOP_23_2_VITIS_LOOP_24_3  |      258|      258|   2.580 us|   2.580 us|   258|   258|       no|
        |grp_conv1_f_fu_3412                                            |conv1_f                                            |     1028|     1028|  10.280 us|  10.280 us|  1028|  1028|       no|
        |grp_max_pool_16_16_s_fu_3488                                   |max_pool_16_16_s                                   |      130|      130|   1.300 us|   1.300 us|   130|   130|       no|
        |grp_bnn_xcel_Pipeline_VITIS_LOOP_22_1_VITIS_LOOP_23_2_fu_3532  |bnn_xcel_Pipeline_VITIS_LOOP_22_1_VITIS_LOOP_23_2  |     1026|     1026|  10.260 us|  10.260 us|  1026|  1026|       no|
        |grp_conv2_f_fu_3560                                            |conv2_f                                            |      514|      514|   5.140 us|   5.140 us|   514|   514|       no|
        |grp_bnn_xcel_Pipeline_m_loop_x_loop_fu_3934                    |bnn_xcel_Pipeline_m_loop_x_loop                    |      130|      130|   1.300 us|   1.300 us|   130|   130|       no|
        |grp_bnn_xcel_Pipeline_outer_fu_4006                            |bnn_xcel_Pipeline_outer                            |       34|       34|   0.340 us|   0.340 us|    34|    34|       no|
        |grp_dense_512_256_s_fu_4015                                    |dense_512_256_s                                    |      259|      259|   2.590 us|   2.590 us|   259|   259|       no|
        |grp_sign_fu_4023                                               |sign                                               |      258|      258|   2.580 us|   2.580 us|   258|   258|       no|
        |grp_dense_256_10_s_fu_4028                                     |dense_256_10_s                                     |       12|       12|   0.120 us|   0.120 us|    12|    12|       no|
        |grp_argmax_fu_4037                                             |argmax                                             |       15|       15|   0.150 us|   0.150 us|    15|    15|       no|
        +---------------------------------------------------------------+---------------------------------------------------+---------+---------+-----------+-----------+------+------+---------+

        * Loop: 
        N/A



================================================================
== Utilization Estimates
================================================================
* Summary: 
+---------------------+---------+------+---------+---------+-----+
|         Name        | BRAM_18K|  DSP |    FF   |   LUT   | URAM|
+---------------------+---------+------+---------+---------+-----+
|DSP                  |        -|     -|        -|        -|    -|
|Expression           |        -|     -|        0|        2|    -|
|FIFO                 |        -|     -|        -|        -|    -|
|Instance             |        8|     -|     4910|    34233|    -|
|Memory               |        1|     -|      520|      749|    0|
|Multiplexer          |        -|     -|        -|     9020|    -|
|Register             |        -|     -|      311|        -|    -|
+---------------------+---------+------+---------+---------+-----+
|Total                |        9|     0|     5741|    44004|    0|
+---------------------+---------+------+---------+---------+-----+
|Available SLR        |     1344|  3008|   869120|   434560|  320|
+---------------------+---------+------+---------+---------+-----+
|Utilization SLR (%)  |       ~0|     0|       ~0|       10|    0|
+---------------------+---------+------+---------+---------+-----+
|Available            |     4032|  9024|  2607360|  1303680|  960|
+---------------------+---------+------+---------+---------+-----+
|Utilization (%)      |       ~0|     0|       ~0|        3|    0|
+---------------------+---------+------+---------+---------+-----+

+ Detail: 
    * Instance: 
    +---------------------------------------------------------------+---------------------------------------------------+---------+----+------+-------+-----+
    |                            Instance                           |                       Module                      | BRAM_18K| DSP|  FF  |  LUT  | URAM|
    +---------------------------------------------------------------+---------------------------------------------------+---------+----+------+-------+-----+
    |grp_argmax_fu_4037                                             |argmax                                             |        0|   0|    47|    169|    0|
    |grp_bnn_xcel_Pipeline_VITIS_LOOP_22_1_VITIS_LOOP_23_2_fu_3532  |bnn_xcel_Pipeline_VITIS_LOOP_22_1_VITIS_LOOP_23_2  |        0|   0|  1980|   2018|    0|
    |grp_bnn_xcel_Pipeline_VITIS_LOOP_23_2_VITIS_LOOP_24_3_fu_3390  |bnn_xcel_Pipeline_VITIS_LOOP_23_2_VITIS_LOOP_24_3  |        0|   0|    31|    160|    0|
    |grp_bnn_xcel_Pipeline_m_loop_x_loop_fu_3934                    |bnn_xcel_Pipeline_m_loop_x_loop                    |        0|   0|    28|    776|    0|
    |grp_bnn_xcel_Pipeline_outer_fu_4006                            |bnn_xcel_Pipeline_outer                            |        0|   0|   527|    136|    0|
    |grp_conv1_f_fu_3412                                            |conv1_f                                            |        0|   0|   172|   5630|    0|
    |grp_conv2_f_fu_3560                                            |conv2_f                                            |        0|   0|   725|  13697|    0|
    |grp_dense_256_10_s_fu_4028                                     |dense_256_10_s                                     |        0|   0|   523|   3931|    0|
    |grp_dense_512_256_s_fu_4015                                    |dense_512_256_s                                    |        8|   0|   554|   7296|    0|
    |grp_initialize_padded_memory_16_10_0_s_fu_3370                 |initialize_padded_memory_16_10_0_s                 |        0|   0|    19|    131|    0|
    |grp_max_pool_16_16_s_fu_3488                                   |max_pool_16_16_s                                   |        0|   0|    27|    204|    0|
    |grp_sign_fu_4023                                               |sign                                               |        0|   0|   277|     85|    0|
    +---------------------------------------------------------------+---------------------------------------------------+---------+----+------+-------+-----+
    |Total                                                          |                                                   |        8|   0|  4910|  34233|    0|
    +---------------------------------------------------------------+---------------------------------------------------+---------+----+------+-------+-----+

    * DSP: 
    N/A

    * Memory: 
    +--------------------------+--------------------------------------------+---------+----+----+-----+------+-----+------+-------------+
    |          Memory          |                   Module                   | BRAM_18K| FF | LUT| URAM| Words| Bits| Banks| W*Bits*Banks|
    +--------------------------+--------------------------------------------+---------+----+----+-----+------+-----+------+-------------+
    |conv1_U                   |bnn_xcel_conv1_RAM_AUTO_1R1W                |        0|   2|   5|    0|   128|    1|     1|          128|
    |conv1_1_U                 |bnn_xcel_conv1_RAM_AUTO_1R1W                |        0|   2|   5|    0|   128|    1|     1|          128|
    |conv1_2_U                 |bnn_xcel_conv1_RAM_AUTO_1R1W                |        0|   2|   5|    0|   128|    1|     1|          128|
    |conv1_3_U                 |bnn_xcel_conv1_RAM_AUTO_1R1W                |        0|   2|   5|    0|   128|    1|     1|          128|
    |conv1_4_U                 |bnn_xcel_conv1_RAM_AUTO_1R1W                |        0|   2|   5|    0|   128|    1|     1|          128|
    |conv1_5_U                 |bnn_xcel_conv1_RAM_AUTO_1R1W                |        0|   2|   5|    0|   128|    1|     1|          128|
    |conv1_6_U                 |bnn_xcel_conv1_RAM_AUTO_1R1W                |        0|   2|   5|    0|   128|    1|     1|          128|
    |conv1_7_U                 |bnn_xcel_conv1_RAM_AUTO_1R1W                |        0|   2|   5|    0|   128|    1|     1|          128|
    |conv1_8_U                 |bnn_xcel_conv1_RAM_AUTO_1R1W                |        0|   2|   5|    0|   128|    1|     1|          128|
    |conv1_9_U                 |bnn_xcel_conv1_RAM_AUTO_1R1W                |        0|   2|   5|    0|   128|    1|     1|          128|
    |conv1_10_U                |bnn_xcel_conv1_RAM_AUTO_1R1W                |        0|   2|   5|    0|   128|    1|     1|          128|
    |conv1_11_U                |bnn_xcel_conv1_RAM_AUTO_1R1W                |        0|   2|   5|    0|   128|    1|     1|          128|
    |conv1_12_U                |bnn_xcel_conv1_RAM_AUTO_1R1W                |        0|   2|   5|    0|   128|    1|     1|          128|
    |conv1_13_U                |bnn_xcel_conv1_RAM_AUTO_1R1W                |        0|   2|   5|    0|   128|    1|     1|          128|
    |conv1_14_U                |bnn_xcel_conv1_RAM_AUTO_1R1W                |        0|   2|   5|    0|   128|    1|     1|          128|
    |conv1_15_U                |bnn_xcel_conv1_RAM_AUTO_1R1W                |        0|   2|   5|    0|   128|    1|     1|          128|
    |conv1_16_U                |bnn_xcel_conv1_RAM_AUTO_1R1W                |        0|   2|   5|    0|   128|    1|     1|          128|
    |conv1_17_U                |bnn_xcel_conv1_RAM_AUTO_1R1W                |        0|   2|   5|    0|   128|    1|     1|          128|
    |conv1_18_U                |bnn_xcel_conv1_RAM_AUTO_1R1W                |        0|   2|   5|    0|   128|    1|     1|          128|
    |conv1_19_U                |bnn_xcel_conv1_RAM_AUTO_1R1W                |        0|   2|   5|    0|   128|    1|     1|          128|
    |conv1_20_U                |bnn_xcel_conv1_RAM_AUTO_1R1W                |        0|   2|   5|    0|   128|    1|     1|          128|
    |conv1_21_U                |bnn_xcel_conv1_RAM_AUTO_1R1W                |        0|   2|   5|    0|   128|    1|     1|          128|
    |conv1_22_U                |bnn_xcel_conv1_RAM_AUTO_1R1W                |        0|   2|   5|    0|   128|    1|     1|          128|
    |conv1_23_U                |bnn_xcel_conv1_RAM_AUTO_1R1W                |        0|   2|   5|    0|   128|    1|     1|          128|
    |conv1_24_U                |bnn_xcel_conv1_RAM_AUTO_1R1W                |        0|   2|   5|    0|   128|    1|     1|          128|
    |conv1_25_U                |bnn_xcel_conv1_RAM_AUTO_1R1W                |        0|   2|   5|    0|   128|    1|     1|          128|
    |conv1_26_U                |bnn_xcel_conv1_RAM_AUTO_1R1W                |        0|   2|   5|    0|   128|    1|     1|          128|
    |conv1_27_U                |bnn_xcel_conv1_RAM_AUTO_1R1W                |        0|   2|   5|    0|   128|    1|     1|          128|
    |conv1_28_U                |bnn_xcel_conv1_RAM_AUTO_1R1W                |        0|   2|   5|    0|   128|    1|     1|          128|
    |conv1_29_U                |bnn_xcel_conv1_RAM_AUTO_1R1W                |        0|   2|   5|    0|   128|    1|     1|          128|
    |conv1_30_U                |bnn_xcel_conv1_RAM_AUTO_1R1W                |        0|   2|   5|    0|   128|    1|     1|          128|
    |conv1_31_U                |bnn_xcel_conv1_RAM_AUTO_1R1W                |        0|   2|   5|    0|   128|    1|     1|          128|
    |conv1_pooled_0_U          |bnn_xcel_conv1_pooled_0_RAM_AUTO_1R1W       |        0|   2|   5|    0|   128|    1|     1|          128|
    |conv1_pooled_1_U          |bnn_xcel_conv1_pooled_0_RAM_AUTO_1R1W       |        0|   2|   5|    0|   128|    1|     1|          128|
    |conv1_pooled_2_U          |bnn_xcel_conv1_pooled_0_RAM_AUTO_1R1W       |        0|   2|   5|    0|   128|    1|     1|          128|
    |conv1_pooled_3_U          |bnn_xcel_conv1_pooled_0_RAM_AUTO_1R1W       |        0|   2|   5|    0|   128|    1|     1|          128|
    |conv1_pooled_4_U          |bnn_xcel_conv1_pooled_0_RAM_AUTO_1R1W       |        0|   2|   5|    0|   128|    1|     1|          128|
    |conv1_pooled_5_U          |bnn_xcel_conv1_pooled_0_RAM_AUTO_1R1W       |        0|   2|   5|    0|   128|    1|     1|          128|
    |conv1_pooled_6_U          |bnn_xcel_conv1_pooled_0_RAM_AUTO_1R1W       |        0|   2|   5|    0|   128|    1|     1|          128|
    |conv1_pooled_7_U          |bnn_xcel_conv1_pooled_0_RAM_AUTO_1R1W       |        0|   2|   5|    0|   128|    1|     1|          128|
    |conv1_pooled_padded_U     |bnn_xcel_conv1_pooled_padded_RAM_AUTO_1R1W  |        0|  16|  17|    0|    10|   10|     1|          100|
    |conv1_pooled_padded_1_U   |bnn_xcel_conv1_pooled_padded_RAM_AUTO_1R1W  |        0|  16|  17|    0|    10|   10|     1|          100|
    |conv1_pooled_padded_2_U   |bnn_xcel_conv1_pooled_padded_RAM_AUTO_1R1W  |        0|  16|  17|    0|    10|   10|     1|          100|
    |conv1_pooled_padded_3_U   |bnn_xcel_conv1_pooled_padded_RAM_AUTO_1R1W  |        0|  16|  17|    0|    10|   10|     1|          100|
    |conv1_pooled_padded_4_U   |bnn_xcel_conv1_pooled_padded_RAM_AUTO_1R1W  |        0|  16|  17|    0|    10|   10|     1|          100|
    |conv1_pooled_padded_5_U   |bnn_xcel_conv1_pooled_padded_RAM_AUTO_1R1W  |        0|  16|  17|    0|    10|   10|     1|          100|
    |conv1_pooled_padded_6_U   |bnn_xcel_conv1_pooled_padded_RAM_AUTO_1R1W  |        0|  16|  17|    0|    10|   10|     1|          100|
    |conv1_pooled_padded_7_U   |bnn_xcel_conv1_pooled_padded_RAM_AUTO_1R1W  |        0|  16|  17|    0|    10|   10|     1|          100|
    |conv1_pooled_padded_8_U   |bnn_xcel_conv1_pooled_padded_RAM_AUTO_1R1W  |        0|  16|  17|    0|    10|   10|     1|          100|
    |conv1_pooled_padded_9_U   |bnn_xcel_conv1_pooled_padded_RAM_AUTO_1R1W  |        0|  16|  17|    0|    10|   10|     1|          100|
    |conv1_pooled_padded_10_U  |bnn_xcel_conv1_pooled_padded_RAM_AUTO_1R1W  |        0|  16|  17|    0|    10|   10|     1|          100|
    |conv1_pooled_padded_11_U  |bnn_xcel_conv1_pooled_padded_RAM_AUTO_1R1W  |        0|  16|  17|    0|    10|   10|     1|          100|
    |conv1_pooled_padded_12_U  |bnn_xcel_conv1_pooled_padded_RAM_AUTO_1R1W  |        0|  16|  17|    0|    10|   10|     1|          100|
    |conv1_pooled_padded_13_U  |bnn_xcel_conv1_pooled_padded_RAM_AUTO_1R1W  |        0|  16|  17|    0|    10|   10|     1|          100|
    |conv1_pooled_padded_14_U  |bnn_xcel_conv1_pooled_padded_RAM_AUTO_1R1W  |        0|  16|  17|    0|    10|   10|     1|          100|
    |conv1_pooled_padded_15_U  |bnn_xcel_conv1_pooled_padded_RAM_AUTO_1R1W  |        0|  16|  17|    0|    10|   10|     1|          100|
    |conv2_0_0_U               |bnn_xcel_conv2_0_0_RAM_AUTO_1R1W            |        0|   2|   3|    0|    32|    1|     1|           32|
    |conv2_0_1_U               |bnn_xcel_conv2_0_0_RAM_AUTO_1R1W            |        0|   2|   3|    0|    32|    1|     1|           32|
    |conv2_0_2_U               |bnn_xcel_conv2_0_0_RAM_AUTO_1R1W            |        0|   2|   3|    0|    32|    1|     1|           32|
    |conv2_0_3_U               |bnn_xcel_conv2_0_0_RAM_AUTO_1R1W            |        0|   2|   3|    0|    32|    1|     1|           32|
    |conv2_0_4_U               |bnn_xcel_conv2_0_0_RAM_AUTO_1R1W            |        0|   2|   3|    0|    32|    1|     1|           32|
    |conv2_0_5_U               |bnn_xcel_conv2_0_0_RAM_AUTO_1R1W            |        0|   2|   3|    0|    32|    1|     1|           32|
    |conv2_0_6_U               |bnn_xcel_conv2_0_0_RAM_AUTO_1R1W            |        0|   2|   3|    0|    32|    1|     1|           32|
    |conv2_0_7_U               |bnn_xcel_conv2_0_0_RAM_AUTO_1R1W            |        0|   2|   3|    0|    32|    1|     1|           32|
    |conv2_1_0_U               |bnn_xcel_conv2_0_0_RAM_AUTO_1R1W            |        0|   2|   3|    0|    32|    1|     1|           32|
    |conv2_1_1_U               |bnn_xcel_conv2_0_0_RAM_AUTO_1R1W            |        0|   2|   3|    0|    32|    1|     1|           32|
    |conv2_1_2_U               |bnn_xcel_conv2_0_0_RAM_AUTO_1R1W            |        0|   2|   3|    0|    32|    1|     1|           32|
    |conv2_1_3_U               |bnn_xcel_conv2_0_0_RAM_AUTO_1R1W            |        0|   2|   3|    0|    32|    1|     1|           32|
    |conv2_1_4_U               |bnn_xcel_conv2_0_0_RAM_AUTO_1R1W            |        0|   2|   3|    0|    32|    1|     1|           32|
    |conv2_1_5_U               |bnn_xcel_conv2_0_0_RAM_AUTO_1R1W            |        0|   2|   3|    0|    32|    1|     1|           32|
    |conv2_1_6_U               |bnn_xcel_conv2_0_0_RAM_AUTO_1R1W            |        0|   2|   3|    0|    32|    1|     1|           32|
    |conv2_1_7_U               |bnn_xcel_conv2_0_0_RAM_AUTO_1R1W            |        0|   2|   3|    0|    32|    1|     1|           32|
    |conv2_2_0_U               |bnn_xcel_conv2_0_0_RAM_AUTO_1R1W            |        0|   2|   3|    0|    32|    1|     1|           32|
    |conv2_2_1_U               |bnn_xcel_conv2_0_0_RAM_AUTO_1R1W            |        0|   2|   3|    0|    32|    1|     1|           32|
    |conv2_2_2_U               |bnn_xcel_conv2_0_0_RAM_AUTO_1R1W            |        0|   2|   3|    0|    32|    1|     1|           32|
    |conv2_2_3_U               |bnn_xcel_conv2_0_0_RAM_AUTO_1R1W            |        0|   2|   3|    0|    32|    1|     1|           32|
    |conv2_2_4_U               |bnn_xcel_conv2_0_0_RAM_AUTO_1R1W            |        0|   2|   3|    0|    32|    1|     1|           32|
    |conv2_2_5_U               |bnn_xcel_conv2_0_0_RAM_AUTO_1R1W            |        0|   2|   3|    0|    32|    1|     1|           32|
    |conv2_2_6_U               |bnn_xcel_conv2_0_0_RAM_AUTO_1R1W            |        0|   2|   3|    0|    32|    1|     1|           32|
    |conv2_2_7_U               |bnn_xcel_conv2_0_0_RAM_AUTO_1R1W            |        0|   2|   3|    0|    32|    1|     1|           32|
    |conv2_3_0_U               |bnn_xcel_conv2_0_0_RAM_AUTO_1R1W            |        0|   2|   3|    0|    32|    1|     1|           32|
    |conv2_3_1_U               |bnn_xcel_conv2_0_0_RAM_AUTO_1R1W            |        0|   2|   3|    0|    32|    1|     1|           32|
    |conv2_3_2_U               |bnn_xcel_conv2_0_0_RAM_AUTO_1R1W            |        0|   2|   3|    0|    32|    1|     1|           32|
    |conv2_3_3_U               |bnn_xcel_conv2_0_0_RAM_AUTO_1R1W            |        0|   2|   3|    0|    32|    1|     1|           32|
    |conv2_3_4_U               |bnn_xcel_conv2_0_0_RAM_AUTO_1R1W            |        0|   2|   3|    0|    32|    1|     1|           32|
    |conv2_3_5_U               |bnn_xcel_conv2_0_0_RAM_AUTO_1R1W            |        0|   2|   3|    0|    32|    1|     1|           32|
    |conv2_3_6_U               |bnn_xcel_conv2_0_0_RAM_AUTO_1R1W            |        0|   2|   3|    0|    32|    1|     1|           32|
    |conv2_3_7_U               |bnn_xcel_conv2_0_0_RAM_AUTO_1R1W            |        0|   2|   3|    0|    32|    1|     1|           32|
    |conv2_4_0_U               |bnn_xcel_conv2_0_0_RAM_AUTO_1R1W            |        0|   2|   3|    0|    32|    1|     1|           32|
    |conv2_4_1_U               |bnn_xcel_conv2_0_0_RAM_AUTO_1R1W            |        0|   2|   3|    0|    32|    1|     1|           32|
    |conv2_4_2_U               |bnn_xcel_conv2_0_0_RAM_AUTO_1R1W            |        0|   2|   3|    0|    32|    1|     1|           32|
    |conv2_4_3_U               |bnn_xcel_conv2_0_0_RAM_AUTO_1R1W            |        0|   2|   3|    0|    32|    1|     1|           32|
    |conv2_4_4_U               |bnn_xcel_conv2_0_0_RAM_AUTO_1R1W            |        0|   2|   3|    0|    32|    1|     1|           32|
    |conv2_4_5_U               |bnn_xcel_conv2_0_0_RAM_AUTO_1R1W            |        0|   2|   3|    0|    32|    1|     1|           32|
    |conv2_4_6_U               |bnn_xcel_conv2_0_0_RAM_AUTO_1R1W            |        0|   2|   3|    0|    32|    1|     1|           32|
    |conv2_4_7_U               |bnn_xcel_conv2_0_0_RAM_AUTO_1R1W            |        0|   2|   3|    0|    32|    1|     1|           32|
    |conv2_5_0_U               |bnn_xcel_conv2_0_0_RAM_AUTO_1R1W            |        0|   2|   3|    0|    32|    1|     1|           32|
    |conv2_5_1_U               |bnn_xcel_conv2_0_0_RAM_AUTO_1R1W            |        0|   2|   3|    0|    32|    1|     1|           32|
    |conv2_5_2_U               |bnn_xcel_conv2_0_0_RAM_AUTO_1R1W            |        0|   2|   3|    0|    32|    1|     1|           32|
    |conv2_5_3_U               |bnn_xcel_conv2_0_0_RAM_AUTO_1R1W            |        0|   2|   3|    0|    32|    1|     1|           32|
    |conv2_5_4_U               |bnn_xcel_conv2_0_0_RAM_AUTO_1R1W            |        0|   2|   3|    0|    32|    1|     1|           32|
    |conv2_5_5_U               |bnn_xcel_conv2_0_0_RAM_AUTO_1R1W            |        0|   2|   3|    0|    32|    1|     1|           32|
    |conv2_5_6_U               |bnn_xcel_conv2_0_0_RAM_AUTO_1R1W            |        0|   2|   3|    0|    32|    1|     1|           32|
    |conv2_5_7_U               |bnn_xcel_conv2_0_0_RAM_AUTO_1R1W            |        0|   2|   3|    0|    32|    1|     1|           32|
    |conv2_6_0_U               |bnn_xcel_conv2_0_0_RAM_AUTO_1R1W            |        0|   2|   3|    0|    32|    1|     1|           32|
    |conv2_6_1_U               |bnn_xcel_conv2_0_0_RAM_AUTO_1R1W            |        0|   2|   3|    0|    32|    1|     1|           32|
    |conv2_6_2_U               |bnn_xcel_conv2_0_0_RAM_AUTO_1R1W            |        0|   2|   3|    0|    32|    1|     1|           32|
    |conv2_6_3_U               |bnn_xcel_conv2_0_0_RAM_AUTO_1R1W            |        0|   2|   3|    0|    32|    1|     1|           32|
    |conv2_6_4_U               |bnn_xcel_conv2_0_0_RAM_AUTO_1R1W            |        0|   2|   3|    0|    32|    1|     1|           32|
    |conv2_6_5_U               |bnn_xcel_conv2_0_0_RAM_AUTO_1R1W            |        0|   2|   3|    0|    32|    1|     1|           32|
    |conv2_6_6_U               |bnn_xcel_conv2_0_0_RAM_AUTO_1R1W            |        0|   2|   3|    0|    32|    1|     1|           32|
    |conv2_6_7_U               |bnn_xcel_conv2_0_0_RAM_AUTO_1R1W            |        0|   2|   3|    0|    32|    1|     1|           32|
    |conv2_7_0_U               |bnn_xcel_conv2_0_0_RAM_AUTO_1R1W            |        0|   2|   3|    0|    32|    1|     1|           32|
    |conv2_7_1_U               |bnn_xcel_conv2_0_0_RAM_AUTO_1R1W            |        0|   2|   3|    0|    32|    1|     1|           32|
    |conv2_7_2_U               |bnn_xcel_conv2_0_0_RAM_AUTO_1R1W            |        0|   2|   3|    0|    32|    1|     1|           32|
    |conv2_7_3_U               |bnn_xcel_conv2_0_0_RAM_AUTO_1R1W            |        0|   2|   3|    0|    32|    1|     1|           32|
    |conv2_7_4_U               |bnn_xcel_conv2_0_0_RAM_AUTO_1R1W            |        0|   2|   3|    0|    32|    1|     1|           32|
    |conv2_7_5_U               |bnn_xcel_conv2_0_0_RAM_AUTO_1R1W            |        0|   2|   3|    0|    32|    1|     1|           32|
    |conv2_7_6_U               |bnn_xcel_conv2_0_0_RAM_AUTO_1R1W            |        0|   2|   3|    0|    32|    1|     1|           32|
    |conv2_7_7_U               |bnn_xcel_conv2_0_0_RAM_AUTO_1R1W            |        0|   2|   3|    0|    32|    1|     1|           32|
    |conv2_pooled_U            |bnn_xcel_conv2_pooled_RAM_1WNR_AUTO_1R1W    |        0|   2|   5|    0|   128|    1|     1|          128|
    |conv2_pooled_1_U          |bnn_xcel_conv2_pooled_RAM_1WNR_AUTO_1R1W    |        0|   2|   5|    0|   128|    1|     1|          128|
    |conv2_pooled_2_U          |bnn_xcel_conv2_pooled_RAM_1WNR_AUTO_1R1W    |        0|   2|   5|    0|   128|    1|     1|          128|
    |conv2_pooled_3_U          |bnn_xcel_conv2_pooled_RAM_1WNR_AUTO_1R1W    |        0|   2|   5|    0|   128|    1|     1|          128|
    |dense1_V_U                |bnn_xcel_dense1_V_RAM_AUTO_1R1W             |        1|   0|   0|    0|   256|   11|     1|         2816|
    |dense2_V_U                |bnn_xcel_dense2_V_RAM_AUTO_1R1W             |        0|  16|  17|    0|    10|   10|     1|          100|
    |input_padded_U            |bnn_xcel_input_padded_RAM_1WNR_AUTO_1R1W    |        0|   2|   3|    0|    18|    1|     1|           18|
    |input_padded_1_U          |bnn_xcel_input_padded_RAM_1WNR_AUTO_1R1W    |        0|   2|   3|    0|    18|    1|     1|           18|
    |input_padded_2_U          |bnn_xcel_input_padded_RAM_1WNR_AUTO_1R1W    |        0|   2|   3|    0|    18|    1|     1|           18|
    |input_padded_3_U          |bnn_xcel_input_padded_RAM_1WNR_AUTO_1R1W    |        0|   2|   3|    0|    18|    1|     1|           18|
    |input_padded_4_U          |bnn_xcel_input_padded_RAM_1WNR_AUTO_1R1W    |        0|   2|   3|    0|    18|    1|     1|           18|
    |input_padded_5_U          |bnn_xcel_input_padded_RAM_1WNR_AUTO_1R1W    |        0|   2|   3|    0|    18|    1|     1|           18|
    |input_padded_6_U          |bnn_xcel_input_padded_RAM_1WNR_AUTO_1R1W    |        0|   2|   3|    0|    18|    1|     1|           18|
    |input_padded_7_U          |bnn_xcel_input_padded_RAM_1WNR_AUTO_1R1W    |        0|   2|   3|    0|    18|    1|     1|           18|
    |input_padded_8_U          |bnn_xcel_input_padded_RAM_1WNR_AUTO_1R1W    |        0|   2|   3|    0|    18|    1|     1|           18|
    |input_padded_9_U          |bnn_xcel_input_padded_RAM_1WNR_AUTO_1R1W    |        0|   2|   3|    0|    18|    1|     1|           18|
    |input_padded_10_U         |bnn_xcel_input_padded_RAM_1WNR_AUTO_1R1W    |        0|   2|   3|    0|    18|    1|     1|           18|
    |input_padded_11_U         |bnn_xcel_input_padded_RAM_1WNR_AUTO_1R1W    |        0|   2|   3|    0|    18|    1|     1|           18|
    |input_padded_12_U         |bnn_xcel_input_padded_RAM_1WNR_AUTO_1R1W    |        0|   2|   3|    0|    18|    1|     1|           18|
    |input_padded_13_U         |bnn_xcel_input_padded_RAM_1WNR_AUTO_1R1W    |        0|   2|   3|    0|    18|    1|     1|           18|
    |input_padded_14_U         |bnn_xcel_input_padded_RAM_1WNR_AUTO_1R1W    |        0|   2|   3|    0|    18|    1|     1|           18|
    |input_padded_15_U         |bnn_xcel_input_padded_RAM_1WNR_AUTO_1R1W    |        0|   2|   3|    0|    18|    1|     1|           18|
    +--------------------------+--------------------------------------------+---------+----+----+-----+------+-----+------+-------------+
    |Total                     |                                            |        1| 520| 749|    0|  8394|  305|   142|        12484|
    +--------------------------+--------------------------------------------+---------+----+----+-----+------+-----+------+-------------+

    * FIFO: 
    N/A

    * Expression: 
    +----------------------------------+----------+----+---+----+------------+------------+
    |           Variable Name          | Operation| DSP| FF| LUT| Bitwidth P0| Bitwidth P1|
    +----------------------------------+----------+----+---+----+------------+------------+
    |ap_block_state20_on_subcall_done  |        or|   0|  0|   2|           1|           1|
    +----------------------------------+----------+----+---+----+------------+------------+
    |Total                             |          |   0|  0|   2|           1|           1|
    +----------------------------------+----------+----+---+----+------------+------------+

    * Multiplexer: 
    +---------------------------------+-----+-----------+-----+-----------+
    |               Name              | LUT | Input Size| Bits| Total Bits|
    +---------------------------------+-----+-----------+-----+-----------+
    |ap_NS_fsm                        |  177|         40|    1|         40|
    |ap_return                        |    9|          2|    4|          8|
    |conv1_10_address0                |   14|          3|    7|         21|
    |conv1_10_ce0                     |   14|          3|    1|          3|
    |conv1_10_ce1                     |    9|          2|    1|          2|
    |conv1_10_we0                     |    9|          2|    1|          2|
    |conv1_10_we1                     |    9|          2|    1|          2|
    |conv1_11_address0                |   14|          3|    7|         21|
    |conv1_11_ce0                     |   14|          3|    1|          3|
    |conv1_11_ce1                     |    9|          2|    1|          2|
    |conv1_11_we0                     |    9|          2|    1|          2|
    |conv1_11_we1                     |    9|          2|    1|          2|
    |conv1_12_address0                |   14|          3|    7|         21|
    |conv1_12_ce0                     |   14|          3|    1|          3|
    |conv1_12_ce1                     |    9|          2|    1|          2|
    |conv1_12_we0                     |    9|          2|    1|          2|
    |conv1_12_we1                     |    9|          2|    1|          2|
    |conv1_13_address0                |   14|          3|    7|         21|
    |conv1_13_ce0                     |   14|          3|    1|          3|
    |conv1_13_ce1                     |    9|          2|    1|          2|
    |conv1_13_we0                     |    9|          2|    1|          2|
    |conv1_13_we1                     |    9|          2|    1|          2|
    |conv1_14_address0                |   14|          3|    7|         21|
    |conv1_14_ce0                     |   14|          3|    1|          3|
    |conv1_14_ce1                     |    9|          2|    1|          2|
    |conv1_14_we0                     |    9|          2|    1|          2|
    |conv1_14_we1                     |    9|          2|    1|          2|
    |conv1_15_address0                |   14|          3|    7|         21|
    |conv1_15_ce0                     |   14|          3|    1|          3|
    |conv1_15_ce1                     |    9|          2|    1|          2|
    |conv1_15_we0                     |    9|          2|    1|          2|
    |conv1_15_we1                     |    9|          2|    1|          2|
    |conv1_16_address0                |   14|          3|    7|         21|
    |conv1_16_ce0                     |   14|          3|    1|          3|
    |conv1_16_ce1                     |    9|          2|    1|          2|
    |conv1_16_we0                     |    9|          2|    1|          2|
    |conv1_16_we1                     |    9|          2|    1|          2|
    |conv1_17_address0                |   14|          3|    7|         21|
    |conv1_17_ce0                     |   14|          3|    1|          3|
    |conv1_17_ce1                     |    9|          2|    1|          2|
    |conv1_17_we0                     |    9|          2|    1|          2|
    |conv1_17_we1                     |    9|          2|    1|          2|
    |conv1_18_address0                |   14|          3|    7|         21|
    |conv1_18_ce0                     |   14|          3|    1|          3|
    |conv1_18_ce1                     |    9|          2|    1|          2|
    |conv1_18_we0                     |    9|          2|    1|          2|
    |conv1_18_we1                     |    9|          2|    1|          2|
    |conv1_19_address0                |   14|          3|    7|         21|
    |conv1_19_ce0                     |   14|          3|    1|          3|
    |conv1_19_ce1                     |    9|          2|    1|          2|
    |conv1_19_we0                     |    9|          2|    1|          2|
    |conv1_19_we1                     |    9|          2|    1|          2|
    |conv1_1_address0                 |   14|          3|    7|         21|
    |conv1_1_ce0                      |   14|          3|    1|          3|
    |conv1_1_ce1                      |    9|          2|    1|          2|
    |conv1_1_we0                      |    9|          2|    1|          2|
    |conv1_1_we1                      |    9|          2|    1|          2|
    |conv1_20_address0                |   14|          3|    7|         21|
    |conv1_20_ce0                     |   14|          3|    1|          3|
    |conv1_20_ce1                     |    9|          2|    1|          2|
    |conv1_20_we0                     |    9|          2|    1|          2|
    |conv1_20_we1                     |    9|          2|    1|          2|
    |conv1_21_address0                |   14|          3|    7|         21|
    |conv1_21_ce0                     |   14|          3|    1|          3|
    |conv1_21_ce1                     |    9|          2|    1|          2|
    |conv1_21_we0                     |    9|          2|    1|          2|
    |conv1_21_we1                     |    9|          2|    1|          2|
    |conv1_22_address0                |   14|          3|    7|         21|
    |conv1_22_ce0                     |   14|          3|    1|          3|
    |conv1_22_ce1                     |    9|          2|    1|          2|
    |conv1_22_we0                     |    9|          2|    1|          2|
    |conv1_22_we1                     |    9|          2|    1|          2|
    |conv1_23_address0                |   14|          3|    7|         21|
    |conv1_23_ce0                     |   14|          3|    1|          3|
    |conv1_23_ce1                     |    9|          2|    1|          2|
    |conv1_23_we0                     |    9|          2|    1|          2|
    |conv1_23_we1                     |    9|          2|    1|          2|
    |conv1_24_address0                |   14|          3|    7|         21|
    |conv1_24_ce0                     |   14|          3|    1|          3|
    |conv1_24_ce1                     |    9|          2|    1|          2|
    |conv1_24_we0                     |    9|          2|    1|          2|
    |conv1_24_we1                     |    9|          2|    1|          2|
    |conv1_25_address0                |   14|          3|    7|         21|
    |conv1_25_ce0                     |   14|          3|    1|          3|
    |conv1_25_ce1                     |    9|          2|    1|          2|
    |conv1_25_we0                     |    9|          2|    1|          2|
    |conv1_25_we1                     |    9|          2|    1|          2|
    |conv1_26_address0                |   14|          3|    7|         21|
    |conv1_26_ce0                     |   14|          3|    1|          3|
    |conv1_26_ce1                     |    9|          2|    1|          2|
    |conv1_26_we0                     |    9|          2|    1|          2|
    |conv1_26_we1                     |    9|          2|    1|          2|
    |conv1_27_address0                |   14|          3|    7|         21|
    |conv1_27_ce0                     |   14|          3|    1|          3|
    |conv1_27_ce1                     |    9|          2|    1|          2|
    |conv1_27_we0                     |    9|          2|    1|          2|
    |conv1_27_we1                     |    9|          2|    1|          2|
    |conv1_28_address0                |   14|          3|    7|         21|
    |conv1_28_ce0                     |   14|          3|    1|          3|
    |conv1_28_ce1                     |    9|          2|    1|          2|
    |conv1_28_we0                     |    9|          2|    1|          2|
    |conv1_28_we1                     |    9|          2|    1|          2|
    |conv1_29_address0                |   14|          3|    7|         21|
    |conv1_29_ce0                     |   14|          3|    1|          3|
    |conv1_29_ce1                     |    9|          2|    1|          2|
    |conv1_29_we0                     |    9|          2|    1|          2|
    |conv1_29_we1                     |    9|          2|    1|          2|
    |conv1_2_address0                 |   14|          3|    7|         21|
    |conv1_2_ce0                      |   14|          3|    1|          3|
    |conv1_2_ce1                      |    9|          2|    1|          2|
    |conv1_2_we0                      |    9|          2|    1|          2|
    |conv1_2_we1                      |    9|          2|    1|          2|
    |conv1_30_address0                |   14|          3|    7|         21|
    |conv1_30_ce0                     |   14|          3|    1|          3|
    |conv1_30_ce1                     |    9|          2|    1|          2|
    |conv1_30_we0                     |    9|          2|    1|          2|
    |conv1_30_we1                     |    9|          2|    1|          2|
    |conv1_31_address0                |   14|          3|    7|         21|
    |conv1_31_ce0                     |   14|          3|    1|          3|
    |conv1_31_ce1                     |    9|          2|    1|          2|
    |conv1_31_we0                     |    9|          2|    1|          2|
    |conv1_31_we1                     |    9|          2|    1|          2|
    |conv1_3_address0                 |   14|          3|    7|         21|
    |conv1_3_ce0                      |   14|          3|    1|          3|
    |conv1_3_ce1                      |    9|          2|    1|          2|
    |conv1_3_we0                      |    9|          2|    1|          2|
    |conv1_3_we1                      |    9|          2|    1|          2|
    |conv1_4_address0                 |   14|          3|    7|         21|
    |conv1_4_ce0                      |   14|          3|    1|          3|
    |conv1_4_ce1                      |    9|          2|    1|          2|
    |conv1_4_we0                      |    9|          2|    1|          2|
    |conv1_4_we1                      |    9|          2|    1|          2|
    |conv1_5_address0                 |   14|          3|    7|         21|
    |conv1_5_ce0                      |   14|          3|    1|          3|
    |conv1_5_ce1                      |    9|          2|    1|          2|
    |conv1_5_we0                      |    9|          2|    1|          2|
    |conv1_5_we1                      |    9|          2|    1|          2|
    |conv1_6_address0                 |   14|          3|    7|         21|
    |conv1_6_ce0                      |   14|          3|    1|          3|
    |conv1_6_ce1                      |    9|          2|    1|          2|
    |conv1_6_we0                      |    9|          2|    1|          2|
    |conv1_6_we1                      |    9|          2|    1|          2|
    |conv1_7_address0                 |   14|          3|    7|         21|
    |conv1_7_ce0                      |   14|          3|    1|          3|
    |conv1_7_ce1                      |    9|          2|    1|          2|
    |conv1_7_we0                      |    9|          2|    1|          2|
    |conv1_7_we1                      |    9|          2|    1|          2|
    |conv1_8_address0                 |   14|          3|    7|         21|
    |conv1_8_ce0                      |   14|          3|    1|          3|
    |conv1_8_ce1                      |    9|          2|    1|          2|
    |conv1_8_we0                      |    9|          2|    1|          2|
    |conv1_8_we1                      |    9|          2|    1|          2|
    |conv1_9_address0                 |   14|          3|    7|         21|
    |conv1_9_ce0                      |   14|          3|    1|          3|
    |conv1_9_ce1                      |    9|          2|    1|          2|
    |conv1_9_we0                      |    9|          2|    1|          2|
    |conv1_9_we1                      |    9|          2|    1|          2|
    |conv1_address0                   |   14|          3|    7|         21|
    |conv1_ce0                        |   14|          3|    1|          3|
    |conv1_ce1                        |    9|          2|    1|          2|
    |conv1_pooled_0_address0          |   14|          3|    7|         21|
    |conv1_pooled_0_ce0               |   14|          3|    1|          3|
    |conv1_pooled_0_we0               |    9|          2|    1|          2|
    |conv1_pooled_1_address0          |   14|          3|    7|         21|
    |conv1_pooled_1_ce0               |   14|          3|    1|          3|
    |conv1_pooled_1_we0               |    9|          2|    1|          2|
    |conv1_pooled_2_address0          |   14|          3|    7|         21|
    |conv1_pooled_2_ce0               |   14|          3|    1|          3|
    |conv1_pooled_2_we0               |    9|          2|    1|          2|
    |conv1_pooled_3_address0          |   14|          3|    7|         21|
    |conv1_pooled_3_ce0               |   14|          3|    1|          3|
    |conv1_pooled_3_we0               |    9|          2|    1|          2|
    |conv1_pooled_4_address0          |   14|          3|    7|         21|
    |conv1_pooled_4_ce0               |   14|          3|    1|          3|
    |conv1_pooled_4_we0               |    9|          2|    1|          2|
    |conv1_pooled_5_address0          |   14|          3|    7|         21|
    |conv1_pooled_5_ce0               |   14|          3|    1|          3|
    |conv1_pooled_5_we0               |    9|          2|    1|          2|
    |conv1_pooled_6_address0          |   14|          3|    7|         21|
    |conv1_pooled_6_ce0               |   14|          3|    1|          3|
    |conv1_pooled_6_we0               |    9|          2|    1|          2|
    |conv1_pooled_7_address0          |   14|          3|    7|         21|
    |conv1_pooled_7_ce0               |   14|          3|    1|          3|
    |conv1_pooled_7_we0               |    9|          2|    1|          2|
    |conv1_pooled_padded_10_address0  |   20|          4|    4|         16|
    |conv1_pooled_padded_10_address1  |   14|          3|    4|         12|
    |conv1_pooled_padded_10_ce0       |   20|          4|    1|          4|
    |conv1_pooled_padded_10_ce1       |   14|          3|    1|          3|
    |conv1_pooled_padded_10_d0        |   14|          3|   10|         30|
    |conv1_pooled_padded_10_we0       |   14|          3|    1|          3|
    |conv1_pooled_padded_10_we1       |    9|          2|    1|          2|
    |conv1_pooled_padded_11_address0  |   20|          4|    4|         16|
    |conv1_pooled_padded_11_address1  |   14|          3|    4|         12|
    |conv1_pooled_padded_11_ce0       |   20|          4|    1|          4|
    |conv1_pooled_padded_11_ce1       |   14|          3|    1|          3|
    |conv1_pooled_padded_11_d0        |   14|          3|   10|         30|
    |conv1_pooled_padded_11_we0       |   14|          3|    1|          3|
    |conv1_pooled_padded_11_we1       |    9|          2|    1|          2|
    |conv1_pooled_padded_12_address0  |   20|          4|    4|         16|
    |conv1_pooled_padded_12_address1  |   14|          3|    4|         12|
    |conv1_pooled_padded_12_ce0       |   20|          4|    1|          4|
    |conv1_pooled_padded_12_ce1       |   14|          3|    1|          3|
    |conv1_pooled_padded_12_d0        |   14|          3|   10|         30|
    |conv1_pooled_padded_12_we0       |   14|          3|    1|          3|
    |conv1_pooled_padded_12_we1       |    9|          2|    1|          2|
    |conv1_pooled_padded_13_address0  |   20|          4|    4|         16|
    |conv1_pooled_padded_13_address1  |   14|          3|    4|         12|
    |conv1_pooled_padded_13_ce0       |   20|          4|    1|          4|
    |conv1_pooled_padded_13_ce1       |   14|          3|    1|          3|
    |conv1_pooled_padded_13_d0        |   14|          3|   10|         30|
    |conv1_pooled_padded_13_we0       |   14|          3|    1|          3|
    |conv1_pooled_padded_13_we1       |    9|          2|    1|          2|
    |conv1_pooled_padded_14_address0  |   20|          4|    4|         16|
    |conv1_pooled_padded_14_address1  |   14|          3|    4|         12|
    |conv1_pooled_padded_14_ce0       |   20|          4|    1|          4|
    |conv1_pooled_padded_14_ce1       |   14|          3|    1|          3|
    |conv1_pooled_padded_14_d0        |   14|          3|   10|         30|
    |conv1_pooled_padded_14_we0       |   14|          3|    1|          3|
    |conv1_pooled_padded_14_we1       |    9|          2|    1|          2|
    |conv1_pooled_padded_15_address0  |   20|          4|    4|         16|
    |conv1_pooled_padded_15_address1  |   14|          3|    4|         12|
    |conv1_pooled_padded_15_ce0       |   20|          4|    1|          4|
    |conv1_pooled_padded_15_ce1       |   14|          3|    1|          3|
    |conv1_pooled_padded_15_d0        |   14|          3|   10|         30|
    |conv1_pooled_padded_15_we0       |   14|          3|    1|          3|
    |conv1_pooled_padded_15_we1       |    9|          2|    1|          2|
    |conv1_pooled_padded_1_address0   |   20|          4|    4|         16|
    |conv1_pooled_padded_1_address1   |   14|          3|    4|         12|
    |conv1_pooled_padded_1_ce0        |   20|          4|    1|          4|
    |conv1_pooled_padded_1_ce1        |   14|          3|    1|          3|
    |conv1_pooled_padded_1_d0         |   14|          3|   10|         30|
    |conv1_pooled_padded_1_we0        |   14|          3|    1|          3|
    |conv1_pooled_padded_1_we1        |    9|          2|    1|          2|
    |conv1_pooled_padded_2_address0   |   20|          4|    4|         16|
    |conv1_pooled_padded_2_address1   |   14|          3|    4|         12|
    |conv1_pooled_padded_2_ce0        |   20|          4|    1|          4|
    |conv1_pooled_padded_2_ce1        |   14|          3|    1|          3|
    |conv1_pooled_padded_2_d0         |   14|          3|   10|         30|
    |conv1_pooled_padded_2_we0        |   14|          3|    1|          3|
    |conv1_pooled_padded_2_we1        |    9|          2|    1|          2|
    |conv1_pooled_padded_3_address0   |   20|          4|    4|         16|
    |conv1_pooled_padded_3_address1   |   14|          3|    4|         12|
    |conv1_pooled_padded_3_ce0        |   20|          4|    1|          4|
    |conv1_pooled_padded_3_ce1        |   14|          3|    1|          3|
    |conv1_pooled_padded_3_d0         |   14|          3|   10|         30|
    |conv1_pooled_padded_3_we0        |   14|          3|    1|          3|
    |conv1_pooled_padded_3_we1        |    9|          2|    1|          2|
    |conv1_pooled_padded_4_address0   |   20|          4|    4|         16|
    |conv1_pooled_padded_4_address1   |   14|          3|    4|         12|
    |conv1_pooled_padded_4_ce0        |   20|          4|    1|          4|
    |conv1_pooled_padded_4_ce1        |   14|          3|    1|          3|
    |conv1_pooled_padded_4_d0         |   14|          3|   10|         30|
    |conv1_pooled_padded_4_we0        |   14|          3|    1|          3|
    |conv1_pooled_padded_4_we1        |    9|          2|    1|          2|
    |conv1_pooled_padded_5_address0   |   20|          4|    4|         16|
    |conv1_pooled_padded_5_address1   |   14|          3|    4|         12|
    |conv1_pooled_padded_5_ce0        |   20|          4|    1|          4|
    |conv1_pooled_padded_5_ce1        |   14|          3|    1|          3|
    |conv1_pooled_padded_5_d0         |   14|          3|   10|         30|
    |conv1_pooled_padded_5_we0        |   14|          3|    1|          3|
    |conv1_pooled_padded_5_we1        |    9|          2|    1|          2|
    |conv1_pooled_padded_6_address0   |   20|          4|    4|         16|
    |conv1_pooled_padded_6_address1   |   14|          3|    4|         12|
    |conv1_pooled_padded_6_ce0        |   20|          4|    1|          4|
    |conv1_pooled_padded_6_ce1        |   14|          3|    1|          3|
    |conv1_pooled_padded_6_d0         |   14|          3|   10|         30|
    |conv1_pooled_padded_6_we0        |   14|          3|    1|          3|
    |conv1_pooled_padded_6_we1        |    9|          2|    1|          2|
    |conv1_pooled_padded_7_address0   |   20|          4|    4|         16|
    |conv1_pooled_padded_7_address1   |   14|          3|    4|         12|
    |conv1_pooled_padded_7_ce0        |   20|          4|    1|          4|
    |conv1_pooled_padded_7_ce1        |   14|          3|    1|          3|
    |conv1_pooled_padded_7_d0         |   14|          3|   10|         30|
    |conv1_pooled_padded_7_we0        |   14|          3|    1|          3|
    |conv1_pooled_padded_7_we1        |    9|          2|    1|          2|
    |conv1_pooled_padded_8_address0   |   20|          4|    4|         16|
    |conv1_pooled_padded_8_address1   |   14|          3|    4|         12|
    |conv1_pooled_padded_8_ce0        |   20|          4|    1|          4|
    |conv1_pooled_padded_8_ce1        |   14|          3|    1|          3|
    |conv1_pooled_padded_8_d0         |   14|          3|   10|         30|
    |conv1_pooled_padded_8_we0        |   14|          3|    1|          3|
    |conv1_pooled_padded_8_we1        |    9|          2|    1|          2|
    |conv1_pooled_padded_9_address0   |   20|          4|    4|         16|
    |conv1_pooled_padded_9_address1   |   14|          3|    4|         12|
    |conv1_pooled_padded_9_ce0        |   20|          4|    1|          4|
    |conv1_pooled_padded_9_ce1        |   14|          3|    1|          3|
    |conv1_pooled_padded_9_d0         |   14|          3|   10|         30|
    |conv1_pooled_padded_9_we0        |   14|          3|    1|          3|
    |conv1_pooled_padded_9_we1        |    9|          2|    1|          2|
    |conv1_pooled_padded_address0     |   20|          4|    4|         16|
    |conv1_pooled_padded_address1     |   14|          3|    4|         12|
    |conv1_pooled_padded_ce0          |   20|          4|    1|          4|
    |conv1_pooled_padded_ce1          |   14|          3|    1|          3|
    |conv1_pooled_padded_d0           |   14|          3|   10|         30|
    |conv1_pooled_padded_we0          |   14|          3|    1|          3|
    |conv1_pooled_padded_we1          |    9|          2|    1|          2|
    |conv1_we0                        |    9|          2|    1|          2|
    |conv1_we1                        |    9|          2|    1|          2|
    |conv2_0_0_address0               |   14|          3|    5|         15|
    |conv2_0_0_ce0                    |   14|          3|    1|          3|
    |conv2_0_0_we0                    |    9|          2|    1|          2|
    |conv2_0_1_address0               |   14|          3|    5|         15|
    |conv2_0_1_ce0                    |   14|          3|    1|          3|
    |conv2_0_1_we0                    |    9|          2|    1|          2|
    |conv2_0_2_address0               |   14|          3|    5|         15|
    |conv2_0_2_ce0                    |   14|          3|    1|          3|
    |conv2_0_2_we0                    |    9|          2|    1|          2|
    |conv2_0_3_address0               |   14|          3|    5|         15|
    |conv2_0_3_ce0                    |   14|          3|    1|          3|
    |conv2_0_3_we0                    |    9|          2|    1|          2|
    |conv2_0_4_address0               |   14|          3|    5|         15|
    |conv2_0_4_ce0                    |   14|          3|    1|          3|
    |conv2_0_4_we0                    |    9|          2|    1|          2|
    |conv2_0_5_address0               |   14|          3|    5|         15|
    |conv2_0_5_ce0                    |   14|          3|    1|          3|
    |conv2_0_5_we0                    |    9|          2|    1|          2|
    |conv2_0_6_address0               |   14|          3|    5|         15|
    |conv2_0_6_ce0                    |   14|          3|    1|          3|
    |conv2_0_6_we0                    |    9|          2|    1|          2|
    |conv2_0_7_address0               |   14|          3|    5|         15|
    |conv2_0_7_ce0                    |   14|          3|    1|          3|
    |conv2_0_7_we0                    |    9|          2|    1|          2|
    |conv2_1_0_address0               |   14|          3|    5|         15|
    |conv2_1_0_ce0                    |   14|          3|    1|          3|
    |conv2_1_0_we0                    |    9|          2|    1|          2|
    |conv2_1_1_address0               |   14|          3|    5|         15|
    |conv2_1_1_ce0                    |   14|          3|    1|          3|
    |conv2_1_1_we0                    |    9|          2|    1|          2|
    |conv2_1_2_address0               |   14|          3|    5|         15|
    |conv2_1_2_ce0                    |   14|          3|    1|          3|
    |conv2_1_2_we0                    |    9|          2|    1|          2|
    |conv2_1_3_address0               |   14|          3|    5|         15|
    |conv2_1_3_ce0                    |   14|          3|    1|          3|
    |conv2_1_3_we0                    |    9|          2|    1|          2|
    |conv2_1_4_address0               |   14|          3|    5|         15|
    |conv2_1_4_ce0                    |   14|          3|    1|          3|
    |conv2_1_4_we0                    |    9|          2|    1|          2|
    |conv2_1_5_address0               |   14|          3|    5|         15|
    |conv2_1_5_ce0                    |   14|          3|    1|          3|
    |conv2_1_5_we0                    |    9|          2|    1|          2|
    |conv2_1_6_address0               |   14|          3|    5|         15|
    |conv2_1_6_ce0                    |   14|          3|    1|          3|
    |conv2_1_6_we0                    |    9|          2|    1|          2|
    |conv2_1_7_address0               |   14|          3|    5|         15|
    |conv2_1_7_ce0                    |   14|          3|    1|          3|
    |conv2_1_7_we0                    |    9|          2|    1|          2|
    |conv2_2_0_address0               |   14|          3|    5|         15|
    |conv2_2_0_ce0                    |   14|          3|    1|          3|
    |conv2_2_0_we0                    |    9|          2|    1|          2|
    |conv2_2_1_address0               |   14|          3|    5|         15|
    |conv2_2_1_ce0                    |   14|          3|    1|          3|
    |conv2_2_1_we0                    |    9|          2|    1|          2|
    |conv2_2_2_address0               |   14|          3|    5|         15|
    |conv2_2_2_ce0                    |   14|          3|    1|          3|
    |conv2_2_2_we0                    |    9|          2|    1|          2|
    |conv2_2_3_address0               |   14|          3|    5|         15|
    |conv2_2_3_ce0                    |   14|          3|    1|          3|
    |conv2_2_3_we0                    |    9|          2|    1|          2|
    |conv2_2_4_address0               |   14|          3|    5|         15|
    |conv2_2_4_ce0                    |   14|          3|    1|          3|
    |conv2_2_4_we0                    |    9|          2|    1|          2|
    |conv2_2_5_address0               |   14|          3|    5|         15|
    |conv2_2_5_ce0                    |   14|          3|    1|          3|
    |conv2_2_5_we0                    |    9|          2|    1|          2|
    |conv2_2_6_address0               |   14|          3|    5|         15|
    |conv2_2_6_ce0                    |   14|          3|    1|          3|
    |conv2_2_6_we0                    |    9|          2|    1|          2|
    |conv2_2_7_address0               |   14|          3|    5|         15|
    |conv2_2_7_ce0                    |   14|          3|    1|          3|
    |conv2_2_7_we0                    |    9|          2|    1|          2|
    |conv2_3_0_address0               |   14|          3|    5|         15|
    |conv2_3_0_ce0                    |   14|          3|    1|          3|
    |conv2_3_0_we0                    |    9|          2|    1|          2|
    |conv2_3_1_address0               |   14|          3|    5|         15|
    |conv2_3_1_ce0                    |   14|          3|    1|          3|
    |conv2_3_1_we0                    |    9|          2|    1|          2|
    |conv2_3_2_address0               |   14|          3|    5|         15|
    |conv2_3_2_ce0                    |   14|          3|    1|          3|
    |conv2_3_2_we0                    |    9|          2|    1|          2|
    |conv2_3_3_address0               |   14|          3|    5|         15|
    |conv2_3_3_ce0                    |   14|          3|    1|          3|
    |conv2_3_3_we0                    |    9|          2|    1|          2|
    |conv2_3_4_address0               |   14|          3|    5|         15|
    |conv2_3_4_ce0                    |   14|          3|    1|          3|
    |conv2_3_4_we0                    |    9|          2|    1|          2|
    |conv2_3_5_address0               |   14|          3|    5|         15|
    |conv2_3_5_ce0                    |   14|          3|    1|          3|
    |conv2_3_5_we0                    |    9|          2|    1|          2|
    |conv2_3_6_address0               |   14|          3|    5|         15|
    |conv2_3_6_ce0                    |   14|          3|    1|          3|
    |conv2_3_6_we0                    |    9|          2|    1|          2|
    |conv2_3_7_address0               |   14|          3|    5|         15|
    |conv2_3_7_ce0                    |   14|          3|    1|          3|
    |conv2_3_7_we0                    |    9|          2|    1|          2|
    |conv2_4_0_address0               |   14|          3|    5|         15|
    |conv2_4_0_ce0                    |   14|          3|    1|          3|
    |conv2_4_0_we0                    |    9|          2|    1|          2|
    |conv2_4_1_address0               |   14|          3|    5|         15|
    |conv2_4_1_ce0                    |   14|          3|    1|          3|
    |conv2_4_1_we0                    |    9|          2|    1|          2|
    |conv2_4_2_address0               |   14|          3|    5|         15|
    |conv2_4_2_ce0                    |   14|          3|    1|          3|
    |conv2_4_2_we0                    |    9|          2|    1|          2|
    |conv2_4_3_address0               |   14|          3|    5|         15|
    |conv2_4_3_ce0                    |   14|          3|    1|          3|
    |conv2_4_3_we0                    |    9|          2|    1|          2|
    |conv2_4_4_address0               |   14|          3|    5|         15|
    |conv2_4_4_ce0                    |   14|          3|    1|          3|
    |conv2_4_4_we0                    |    9|          2|    1|          2|
    |conv2_4_5_address0               |   14|          3|    5|         15|
    |conv2_4_5_ce0                    |   14|          3|    1|          3|
    |conv2_4_5_we0                    |    9|          2|    1|          2|
    |conv2_4_6_address0               |   14|          3|    5|         15|
    |conv2_4_6_ce0                    |   14|          3|    1|          3|
    |conv2_4_6_we0                    |    9|          2|    1|          2|
    |conv2_4_7_address0               |   14|          3|    5|         15|
    |conv2_4_7_ce0                    |   14|          3|    1|          3|
    |conv2_4_7_we0                    |    9|          2|    1|          2|
    |conv2_5_0_address0               |   14|          3|    5|         15|
    |conv2_5_0_ce0                    |   14|          3|    1|          3|
    |conv2_5_0_we0                    |    9|          2|    1|          2|
    |conv2_5_1_address0               |   14|          3|    5|         15|
    |conv2_5_1_ce0                    |   14|          3|    1|          3|
    |conv2_5_1_we0                    |    9|          2|    1|          2|
    |conv2_5_2_address0               |   14|          3|    5|         15|
    |conv2_5_2_ce0                    |   14|          3|    1|          3|
    |conv2_5_2_we0                    |    9|          2|    1|          2|
    |conv2_5_3_address0               |   14|          3|    5|         15|
    |conv2_5_3_ce0                    |   14|          3|    1|          3|
    |conv2_5_3_we0                    |    9|          2|    1|          2|
    |conv2_5_4_address0               |   14|          3|    5|         15|
    |conv2_5_4_ce0                    |   14|          3|    1|          3|
    |conv2_5_4_we0                    |    9|          2|    1|          2|
    |conv2_5_5_address0               |   14|          3|    5|         15|
    |conv2_5_5_ce0                    |   14|          3|    1|          3|
    |conv2_5_5_we0                    |    9|          2|    1|          2|
    |conv2_5_6_address0               |   14|          3|    5|         15|
    |conv2_5_6_ce0                    |   14|          3|    1|          3|
    |conv2_5_6_we0                    |    9|          2|    1|          2|
    |conv2_5_7_address0               |   14|          3|    5|         15|
    |conv2_5_7_ce0                    |   14|          3|    1|          3|
    |conv2_5_7_we0                    |    9|          2|    1|          2|
    |conv2_6_0_address0               |   14|          3|    5|         15|
    |conv2_6_0_ce0                    |   14|          3|    1|          3|
    |conv2_6_0_we0                    |    9|          2|    1|          2|
    |conv2_6_1_address0               |   14|          3|    5|         15|
    |conv2_6_1_ce0                    |   14|          3|    1|          3|
    |conv2_6_1_we0                    |    9|          2|    1|          2|
    |conv2_6_2_address0               |   14|          3|    5|         15|
    |conv2_6_2_ce0                    |   14|          3|    1|          3|
    |conv2_6_2_we0                    |    9|          2|    1|          2|
    |conv2_6_3_address0               |   14|          3|    5|         15|
    |conv2_6_3_ce0                    |   14|          3|    1|          3|
    |conv2_6_3_we0                    |    9|          2|    1|          2|
    |conv2_6_4_address0               |   14|          3|    5|         15|
    |conv2_6_4_ce0                    |   14|          3|    1|          3|
    |conv2_6_4_we0                    |    9|          2|    1|          2|
    |conv2_6_5_address0               |   14|          3|    5|         15|
    |conv2_6_5_ce0                    |   14|          3|    1|          3|
    |conv2_6_5_we0                    |    9|          2|    1|          2|
    |conv2_6_6_address0               |   14|          3|    5|         15|
    |conv2_6_6_ce0                    |   14|          3|    1|          3|
    |conv2_6_6_we0                    |    9|          2|    1|          2|
    |conv2_6_7_address0               |   14|          3|    5|         15|
    |conv2_6_7_ce0                    |   14|          3|    1|          3|
    |conv2_6_7_we0                    |    9|          2|    1|          2|
    |conv2_7_0_address0               |   14|          3|    5|         15|
    |conv2_7_0_ce0                    |   14|          3|    1|          3|
    |conv2_7_0_we0                    |    9|          2|    1|          2|
    |conv2_7_1_address0               |   14|          3|    5|         15|
    |conv2_7_1_ce0                    |   14|          3|    1|          3|
    |conv2_7_1_we0                    |    9|          2|    1|          2|
    |conv2_7_2_address0               |   14|          3|    5|         15|
    |conv2_7_2_ce0                    |   14|          3|    1|          3|
    |conv2_7_2_we0                    |    9|          2|    1|          2|
    |conv2_7_3_address0               |   14|          3|    5|         15|
    |conv2_7_3_ce0                    |   14|          3|    1|          3|
    |conv2_7_3_we0                    |    9|          2|    1|          2|
    |conv2_7_4_address0               |   14|          3|    5|         15|
    |conv2_7_4_ce0                    |   14|          3|    1|          3|
    |conv2_7_4_we0                    |    9|          2|    1|          2|
    |conv2_7_5_address0               |   14|          3|    5|         15|
    |conv2_7_5_ce0                    |   14|          3|    1|          3|
    |conv2_7_5_we0                    |    9|          2|    1|          2|
    |conv2_7_6_address0               |   14|          3|    5|         15|
    |conv2_7_6_ce0                    |   14|          3|    1|          3|
    |conv2_7_6_we0                    |    9|          2|    1|          2|
    |conv2_7_7_address0               |   14|          3|    5|         15|
    |conv2_7_7_ce0                    |   14|          3|    1|          3|
    |conv2_7_7_we0                    |    9|          2|    1|          2|
    |conv2_pooled_1_address0          |   14|          3|    7|         21|
    |conv2_pooled_1_ce0               |   14|          3|    1|          3|
    |conv2_pooled_1_ce1               |    9|          2|    1|          2|
    |conv2_pooled_1_ce2               |    9|          2|    1|          2|
    |conv2_pooled_1_ce3               |    9|          2|    1|          2|
    |conv2_pooled_1_we0               |    9|          2|    1|          2|
    |conv2_pooled_2_address0          |   14|          3|    7|         21|
    |conv2_pooled_2_ce0               |   14|          3|    1|          3|
    |conv2_pooled_2_ce1               |    9|          2|    1|          2|
    |conv2_pooled_2_ce2               |    9|          2|    1|          2|
    |conv2_pooled_2_ce3               |    9|          2|    1|          2|
    |conv2_pooled_2_we0               |    9|          2|    1|          2|
    |conv2_pooled_3_address0          |   14|          3|    7|         21|
    |conv2_pooled_3_ce0               |   14|          3|    1|          3|
    |conv2_pooled_3_ce1               |    9|          2|    1|          2|
    |conv2_pooled_3_ce2               |    9|          2|    1|          2|
    |conv2_pooled_3_ce3               |    9|          2|    1|          2|
    |conv2_pooled_3_we0               |    9|          2|    1|          2|
    |conv2_pooled_address0            |   14|          3|    7|         21|
    |conv2_pooled_ce0                 |   14|          3|    1|          3|
    |conv2_pooled_ce1                 |    9|          2|    1|          2|
    |conv2_pooled_ce2                 |    9|          2|    1|          2|
    |conv2_pooled_ce3                 |    9|          2|    1|          2|
    |conv2_pooled_we0                 |    9|          2|    1|          2|
    |dense1_V_address0                |   14|          3|    8|         24|
    |dense1_V_ce0                     |   14|          3|    1|          3|
    |dense1_V_we0                     |    9|          2|    1|          2|
    |dense2_V_address0                |   14|          3|    4|         12|
    |dense2_V_ce0                     |   14|          3|    1|          3|
    |dense2_V_we0                     |    9|          2|    1|          2|
    |input_padded_10_address0         |  102|         21|    5|        105|
    |input_padded_10_ce0              |   20|          4|    1|          4|
    |input_padded_10_d0               |   14|          3|    1|          3|
    |input_padded_10_we0              |   14|          3|    1|          3|
    |input_padded_11_address0         |  102|         21|    5|        105|
    |input_padded_11_ce0              |   20|          4|    1|          4|
    |input_padded_11_d0               |   14|          3|    1|          3|
    |input_padded_11_we0              |   14|          3|    1|          3|
    |input_padded_12_address0         |  102|         21|    5|        105|
    |input_padded_12_ce0              |   20|          4|    1|          4|
    |input_padded_12_d0               |   14|          3|    1|          3|
    |input_padded_12_we0              |   14|          3|    1|          3|
    |input_padded_13_address0         |  102|         21|    5|        105|
    |input_padded_13_ce0              |   20|          4|    1|          4|
    |input_padded_13_d0               |   14|          3|    1|          3|
    |input_padded_13_we0              |   14|          3|    1|          3|
    |input_padded_14_address0         |  102|         21|    5|        105|
    |input_padded_14_ce0              |   20|          4|    1|          4|
    |input_padded_14_d0               |   14|          3|    1|          3|
    |input_padded_14_we0              |   14|          3|    1|          3|
    |input_padded_15_address0         |  102|         21|    5|        105|
    |input_padded_15_ce0              |   20|          4|    1|          4|
    |input_padded_15_d0               |   14|          3|    1|          3|
    |input_padded_15_we0              |   14|          3|    1|          3|
    |input_padded_1_address0          |  102|         21|    5|        105|
    |input_padded_1_ce0               |   20|          4|    1|          4|
    |input_padded_1_d0                |   14|          3|    1|          3|
    |input_padded_1_we0               |   14|          3|    1|          3|
    |input_padded_2_address0          |  102|         21|    5|        105|
    |input_padded_2_ce0               |   20|          4|    1|          4|
    |input_padded_2_d0                |   14|          3|    1|          3|
    |input_padded_2_we0               |   14|          3|    1|          3|
    |input_padded_3_address0          |  102|         21|    5|        105|
    |input_padded_3_ce0               |   20|          4|    1|          4|
    |input_padded_3_d0                |   14|          3|    1|          3|
    |input_padded_3_we0               |   14|          3|    1|          3|
    |input_padded_4_address0          |  102|         21|    5|        105|
    |input_padded_4_ce0               |   20|          4|    1|          4|
    |input_padded_4_d0                |   14|          3|    1|          3|
    |input_padded_4_we0               |   14|          3|    1|          3|
    |input_padded_5_address0          |  102|         21|    5|        105|
    |input_padded_5_ce0               |   20|          4|    1|          4|
    |input_padded_5_d0                |   14|          3|    1|          3|
    |input_padded_5_we0               |   14|          3|    1|          3|
    |input_padded_6_address0          |  102|         21|    5|        105|
    |input_padded_6_ce0               |   20|          4|    1|          4|
    |input_padded_6_d0                |   14|          3|    1|          3|
    |input_padded_6_we0               |   14|          3|    1|          3|
    |input_padded_7_address0          |  102|         21|    5|        105|
    |input_padded_7_ce0               |   20|          4|    1|          4|
    |input_padded_7_d0                |   14|          3|    1|          3|
    |input_padded_7_we0               |   14|          3|    1|          3|
    |input_padded_8_address0          |  102|         21|    5|        105|
    |input_padded_8_ce0               |   20|          4|    1|          4|
    |input_padded_8_d0                |   14|          3|    1|          3|
    |input_padded_8_we0               |   14|          3|    1|          3|
    |input_padded_9_address0          |  102|         21|    5|        105|
    |input_padded_9_ce0               |   20|          4|    1|          4|
    |input_padded_9_d0                |   14|          3|    1|          3|
    |input_padded_9_we0               |   14|          3|    1|          3|
    |input_padded_address0            |  102|         21|    5|        105|
    |input_padded_ce0                 |   20|          4|    1|          4|
    |input_padded_d0                  |   14|          3|    1|          3|
    |input_padded_we0                 |   14|          3|    1|          3|
    +---------------------------------+-----+-----------+-----+-----------+
    |Total                            | 9020|       1922| 1421|       5630|
    +---------------------------------+-----+-----------+-----+-----------+

    * Register: 
    +----------------------------------------------------------------------------+-----+----+-----+-----------+
    |                                    Name                                    |  FF | LUT| Bits| Const Bits|
    +----------------------------------------------------------------------------+-----+----+-----+-----------+
    |ap_CS_fsm                                                                   |   39|   0|   39|          0|
    |ap_return_preg                                                              |    4|   0|    4|          0|
    |grp_argmax_fu_4037_ap_start_reg                                             |    1|   0|    1|          0|
    |grp_bnn_xcel_Pipeline_VITIS_LOOP_22_1_VITIS_LOOP_23_2_fu_3532_ap_start_reg  |    1|   0|    1|          0|
    |grp_bnn_xcel_Pipeline_VITIS_LOOP_23_2_VITIS_LOOP_24_3_fu_3390_ap_start_reg  |    1|   0|    1|          0|
    |grp_bnn_xcel_Pipeline_m_loop_x_loop_fu_3934_ap_start_reg                    |    1|   0|    1|          0|
    |grp_bnn_xcel_Pipeline_outer_fu_4006_ap_start_reg                            |    1|   0|    1|          0|
    |grp_conv1_f_fu_3412_ap_start_reg                                            |    1|   0|    1|          0|
    |grp_conv2_f_fu_3560_ap_start_reg                                            |    1|   0|    1|          0|
    |grp_dense_256_10_s_fu_4028_ap_start_reg                                     |    1|   0|    1|          0|
    |grp_dense_512_256_s_fu_4015_ap_start_reg                                    |    1|   0|    1|          0|
    |grp_initialize_padded_memory_16_10_0_s_fu_3370_ap_start_reg                 |    1|   0|    1|          0|
    |grp_max_pool_16_16_s_fu_3488_ap_start_reg                                   |    1|   0|    1|          0|
    |grp_sign_fu_4023_ap_start_reg                                               |    1|   0|    1|          0|
    |signed1_reg_4055                                                            |  256|   0|  256|          0|
    +----------------------------------------------------------------------------+-----+----+-----+-----------+
    |Total                                                                       |  311|   0|  311|          0|
    +----------------------------------------------------------------------------+-----+----+-----+-----------+



================================================================
== Interface
================================================================
* Summary: 
+------------------+-----+-----+------------+--------------+--------------+
|     RTL Ports    | Dir | Bits|  Protocol  | Source Object|    C Type    |
+------------------+-----+-----+------------+--------------+--------------+
|ap_clk            |   in|    1|  ap_ctrl_hs|      bnn_xcel|  return value|
|ap_rst            |   in|    1|  ap_ctrl_hs|      bnn_xcel|  return value|
|ap_start          |   in|    1|  ap_ctrl_hs|      bnn_xcel|  return value|
|ap_done           |  out|    1|  ap_ctrl_hs|      bnn_xcel|  return value|
|ap_idle           |  out|    1|  ap_ctrl_hs|      bnn_xcel|  return value|
|ap_ready          |  out|    1|  ap_ctrl_hs|      bnn_xcel|  return value|
|ap_return         |  out|    4|  ap_ctrl_hs|      bnn_xcel|  return value|
|input_0_address0  |  out|    8|   ap_memory|       input_0|         array|
|input_0_ce0       |  out|    1|   ap_memory|       input_0|         array|
|input_0_q0        |   in|    1|   ap_memory|       input_0|         array|
+------------------+-----+-----+------------+--------------+--------------+

