

================================================================
== Vitis HLS Report for 'dense_256_10_s'
================================================================
* Date:           Sun Nov 10 15:49:26 2024

* Version:        2022.1.2 (Build 3605665 on Fri Aug  5 22:52:02 MDT 2022)
* Project:        bnn.prj
* Solution:       solution1 (Vivado IP Flow Target)
* Product family: virtexuplus
* Target device:  xcu280-fsvh2892-2L-e


================================================================
== Performance Estimates
================================================================
+ Timing: 
    * Summary: 
    +--------+----------+----------+------------+
    |  Clock |  Target  | Estimated| Uncertainty|
    +--------+----------+----------+------------+
    |ap_clk  |  10.00 ns|  7.130 ns|     2.70 ns|
    +--------+----------+----------+------------+

+ Latency: 
    * Summary: 
    +---------+---------+----------+----------+-----+-----+---------+
    |  Latency (cycles) |  Latency (absolute) |  Interval | Pipeline|
    |   min   |   max   |    min   |    max   | min | max |   Type  |
    +---------+---------+----------+----------+-----+-----+---------+
    |       12|       12|  0.120 us|  0.120 us|   12|   12|       no|
    +---------+---------+----------+----------+-----+-----+---------+

    + Detail: 
        * Instance: 
        N/A

        * Loop: 
        +----------+---------+---------+----------+-----------+-----------+------+----------+
        |          |  Latency (cycles) | Iteration|  Initiation Interval  | Trip |          |
        | Loop Name|   min   |   max   |  Latency |  achieved |   target  | Count| Pipelined|
        +----------+---------+---------+----------+-----------+-----------+------+----------+
        |- n_loop  |       10|       10|         2|          1|          1|    10|       yes|
        +----------+---------+---------+----------+-----------+-----------+------+----------+



================================================================
== Utilization Estimates
================================================================
* Summary: 
+---------------------+---------+------+---------+---------+-----+
|         Name        | BRAM_18K|  DSP |    FF   |   LUT   | URAM|
+---------------------+---------+------+---------+---------+-----+
|DSP                  |        -|     -|        -|        -|    -|
|Expression           |        -|     -|        0|     3638|    -|
|FIFO                 |        -|     -|        -|        -|    -|
|Instance             |        -|     -|        -|        -|    -|
|Memory               |        0|     -|      256|      257|    -|
|Multiplexer          |        -|     -|        -|       36|    -|
|Register             |        -|     -|      267|        -|    -|
+---------------------+---------+------+---------+---------+-----+
|Total                |        0|     0|      523|     3931|    0|
+---------------------+---------+------+---------+---------+-----+
|Available SLR        |     1344|  3008|   869120|   434560|  320|
+---------------------+---------+------+---------+---------+-----+
|Utilization SLR (%)  |        0|     0|       ~0|       ~0|    0|
+---------------------+---------+------+---------+---------+-----+
|Available            |     4032|  9024|  2607360|  1303680|  960|
+---------------------+---------+------+---------+---------+-----+
|Utilization (%)      |        0|     0|       ~0|       ~0|    0|
+---------------------+---------+------+---------+---------+-----+

+ Detail: 
    * Instance: 
    N/A

    * DSP: 
    N/A

    * Memory: 
    +---------+----------------------------------+---------+-----+-----+-----+------+-----+------+-------------+
    |  Memory |              Module              | BRAM_18K|  FF | LUT | URAM| Words| Bits| Banks| W*Bits*Banks|
    +---------+----------------------------------+---------+-----+-----+-----+------+-----+------+-------------+
    |w_fc2_U  |dense_256_10_s_w_fc2_ROM_AUTO_1R  |        0|  256|  257|    0|    10|  256|     1|         2560|
    +---------+----------------------------------+---------+-----+-----+-----+------+-----+------+-------------+
    |Total    |                                  |        0|  256|  257|    0|    10|  256|     1|         2560|
    +---------+----------------------------------+---------+-----+-----+-----+------+-----+------+-------------+

    * FIFO: 
    N/A

    * Expression: 
    +----------------------------+----------+----+---+----+------------+------------+
    |        Variable Name       | Operation| DSP| FF| LUT| Bitwidth P0| Bitwidth P1|
    +----------------------------+----------+----+---+----+------------+------------+
    |add_ln1715_511_fu_8548_p2   |         +|   0|  0|   9|           2|           2|
    |add_ln1715_512_fu_8558_p2   |         +|   0|  0|   9|           2|           2|
    |add_ln1715_513_fu_8568_p2   |         +|   0|  0|  10|           3|           3|
    |add_ln1715_514_fu_8578_p2   |         +|   0|  0|   9|           2|           2|
    |add_ln1715_515_fu_8588_p2   |         +|   0|  0|   9|           2|           2|
    |add_ln1715_516_fu_8598_p2   |         +|   0|  0|  10|           3|           3|
    |add_ln1715_517_fu_8608_p2   |         +|   0|  0|  12|           4|           4|
    |add_ln1715_518_fu_8618_p2   |         +|   0|  0|   9|           2|           2|
    |add_ln1715_519_fu_8628_p2   |         +|   0|  0|   9|           2|           2|
    |add_ln1715_520_fu_8638_p2   |         +|   0|  0|  10|           3|           3|
    |add_ln1715_521_fu_8648_p2   |         +|   0|  0|   9|           2|           2|
    |add_ln1715_522_fu_8658_p2   |         +|   0|  0|   9|           2|           2|
    |add_ln1715_523_fu_8668_p2   |         +|   0|  0|  10|           3|           3|
    |add_ln1715_524_fu_8678_p2   |         +|   0|  0|  12|           4|           4|
    |add_ln1715_525_fu_8688_p2   |         +|   0|  0|  12|           5|           5|
    |add_ln1715_526_fu_8698_p2   |         +|   0|  0|   9|           2|           2|
    |add_ln1715_527_fu_8708_p2   |         +|   0|  0|   9|           2|           2|
    |add_ln1715_528_fu_8718_p2   |         +|   0|  0|  10|           3|           3|
    |add_ln1715_529_fu_8728_p2   |         +|   0|  0|   9|           2|           2|
    |add_ln1715_530_fu_8738_p2   |         +|   0|  0|   9|           2|           2|
    |add_ln1715_531_fu_8748_p2   |         +|   0|  0|  10|           3|           3|
    |add_ln1715_532_fu_8758_p2   |         +|   0|  0|  12|           4|           4|
    |add_ln1715_533_fu_8768_p2   |         +|   0|  0|   9|           2|           2|
    |add_ln1715_534_fu_8778_p2   |         +|   0|  0|   9|           2|           2|
    |add_ln1715_535_fu_8788_p2   |         +|   0|  0|  10|           3|           3|
    |add_ln1715_536_fu_8798_p2   |         +|   0|  0|   9|           2|           2|
    |add_ln1715_537_fu_8808_p2   |         +|   0|  0|   9|           2|           2|
    |add_ln1715_538_fu_8818_p2   |         +|   0|  0|  10|           3|           3|
    |add_ln1715_539_fu_8828_p2   |         +|   0|  0|  12|           4|           4|
    |add_ln1715_540_fu_8838_p2   |         +|   0|  0|  12|           5|           5|
    |add_ln1715_541_fu_8848_p2   |         +|   0|  0|  13|           6|           6|
    |add_ln1715_542_fu_8858_p2   |         +|   0|  0|   9|           2|           2|
    |add_ln1715_543_fu_8868_p2   |         +|   0|  0|   9|           2|           2|
    |add_ln1715_544_fu_8878_p2   |         +|   0|  0|  10|           3|           3|
    |add_ln1715_545_fu_8888_p2   |         +|   0|  0|   9|           2|           2|
    |add_ln1715_546_fu_8898_p2   |         +|   0|  0|   9|           2|           2|
    |add_ln1715_547_fu_8908_p2   |         +|   0|  0|  10|           3|           3|
    |add_ln1715_548_fu_8918_p2   |         +|   0|  0|  12|           4|           4|
    |add_ln1715_549_fu_8928_p2   |         +|   0|  0|   9|           2|           2|
    |add_ln1715_550_fu_8938_p2   |         +|   0|  0|   9|           2|           2|
    |add_ln1715_551_fu_8948_p2   |         +|   0|  0|  10|           3|           3|
    |add_ln1715_552_fu_8958_p2   |         +|   0|  0|   9|           2|           2|
    |add_ln1715_553_fu_8968_p2   |         +|   0|  0|   9|           2|           2|
    |add_ln1715_554_fu_8978_p2   |         +|   0|  0|  10|           3|           3|
    |add_ln1715_555_fu_8988_p2   |         +|   0|  0|  12|           4|           4|
    |add_ln1715_556_fu_8998_p2   |         +|   0|  0|  12|           5|           5|
    |add_ln1715_557_fu_9008_p2   |         +|   0|  0|   9|           2|           2|
    |add_ln1715_558_fu_9018_p2   |         +|   0|  0|   9|           2|           2|
    |add_ln1715_559_fu_9028_p2   |         +|   0|  0|  10|           3|           3|
    |add_ln1715_560_fu_9038_p2   |         +|   0|  0|   9|           2|           2|
    |add_ln1715_561_fu_9048_p2   |         +|   0|  0|   9|           2|           2|
    |add_ln1715_562_fu_9058_p2   |         +|   0|  0|  10|           3|           3|
    |add_ln1715_563_fu_9068_p2   |         +|   0|  0|  12|           4|           4|
    |add_ln1715_564_fu_9078_p2   |         +|   0|  0|   9|           2|           2|
    |add_ln1715_565_fu_9088_p2   |         +|   0|  0|   9|           2|           2|
    |add_ln1715_566_fu_9098_p2   |         +|   0|  0|  10|           3|           3|
    |add_ln1715_567_fu_9108_p2   |         +|   0|  0|   9|           2|           2|
    |add_ln1715_568_fu_9118_p2   |         +|   0|  0|   9|           2|           2|
    |add_ln1715_569_fu_9128_p2   |         +|   0|  0|  10|           3|           3|
    |add_ln1715_570_fu_9138_p2   |         +|   0|  0|  12|           4|           4|
    |add_ln1715_571_fu_9148_p2   |         +|   0|  0|  12|           5|           5|
    |add_ln1715_572_fu_9158_p2   |         +|   0|  0|  13|           6|           6|
    |add_ln1715_573_fu_9168_p2   |         +|   0|  0|  14|           7|           7|
    |add_ln1715_574_fu_9178_p2   |         +|   0|  0|   9|           2|           2|
    |add_ln1715_575_fu_9188_p2   |         +|   0|  0|   9|           2|           2|
    |add_ln1715_576_fu_9198_p2   |         +|   0|  0|  10|           3|           3|
    |add_ln1715_577_fu_9208_p2   |         +|   0|  0|   9|           2|           2|
    |add_ln1715_578_fu_9218_p2   |         +|   0|  0|   9|           2|           2|
    |add_ln1715_579_fu_9228_p2   |         +|   0|  0|  10|           3|           3|
    |add_ln1715_580_fu_9238_p2   |         +|   0|  0|  12|           4|           4|
    |add_ln1715_581_fu_9248_p2   |         +|   0|  0|   9|           2|           2|
    |add_ln1715_582_fu_9258_p2   |         +|   0|  0|   9|           2|           2|
    |add_ln1715_583_fu_9268_p2   |         +|   0|  0|  10|           3|           3|
    |add_ln1715_584_fu_9278_p2   |         +|   0|  0|   9|           2|           2|
    |add_ln1715_585_fu_9288_p2   |         +|   0|  0|   9|           2|           2|
    |add_ln1715_586_fu_9298_p2   |         +|   0|  0|  10|           3|           3|
    |add_ln1715_587_fu_9308_p2   |         +|   0|  0|  12|           4|           4|
    |add_ln1715_588_fu_9318_p2   |         +|   0|  0|  12|           5|           5|
    |add_ln1715_589_fu_9328_p2   |         +|   0|  0|   9|           2|           2|
    |add_ln1715_590_fu_9338_p2   |         +|   0|  0|   9|           2|           2|
    |add_ln1715_591_fu_9348_p2   |         +|   0|  0|  10|           3|           3|
    |add_ln1715_592_fu_9358_p2   |         +|   0|  0|   9|           2|           2|
    |add_ln1715_593_fu_9368_p2   |         +|   0|  0|   9|           2|           2|
    |add_ln1715_594_fu_9378_p2   |         +|   0|  0|  10|           3|           3|
    |add_ln1715_595_fu_9388_p2   |         +|   0|  0|  12|           4|           4|
    |add_ln1715_596_fu_9398_p2   |         +|   0|  0|   9|           2|           2|
    |add_ln1715_597_fu_9408_p2   |         +|   0|  0|   9|           2|           2|
    |add_ln1715_598_fu_9418_p2   |         +|   0|  0|  10|           3|           3|
    |add_ln1715_599_fu_9428_p2   |         +|   0|  0|   9|           2|           2|
    |add_ln1715_600_fu_9438_p2   |         +|   0|  0|   9|           2|           2|
    |add_ln1715_601_fu_9448_p2   |         +|   0|  0|  10|           3|           3|
    |add_ln1715_602_fu_9458_p2   |         +|   0|  0|  12|           4|           4|
    |add_ln1715_603_fu_9468_p2   |         +|   0|  0|  12|           5|           5|
    |add_ln1715_604_fu_9478_p2   |         +|   0|  0|  13|           6|           6|
    |add_ln1715_605_fu_9488_p2   |         +|   0|  0|   9|           2|           2|
    |add_ln1715_606_fu_9498_p2   |         +|   0|  0|   9|           2|           2|
    |add_ln1715_607_fu_9508_p2   |         +|   0|  0|  10|           3|           3|
    |add_ln1715_608_fu_9518_p2   |         +|   0|  0|   9|           2|           2|
    |add_ln1715_609_fu_9528_p2   |         +|   0|  0|   9|           2|           2|
    |add_ln1715_610_fu_9538_p2   |         +|   0|  0|  10|           3|           3|
    |add_ln1715_611_fu_9548_p2   |         +|   0|  0|  12|           4|           4|
    |add_ln1715_612_fu_9558_p2   |         +|   0|  0|   9|           2|           2|
    |add_ln1715_613_fu_9568_p2   |         +|   0|  0|   9|           2|           2|
    |add_ln1715_614_fu_9578_p2   |         +|   0|  0|  10|           3|           3|
    |add_ln1715_615_fu_9588_p2   |         +|   0|  0|   9|           2|           2|
    |add_ln1715_616_fu_9598_p2   |         +|   0|  0|   9|           2|           2|
    |add_ln1715_617_fu_9608_p2   |         +|   0|  0|  10|           3|           3|
    |add_ln1715_618_fu_9618_p2   |         +|   0|  0|  12|           4|           4|
    |add_ln1715_619_fu_9628_p2   |         +|   0|  0|  12|           5|           5|
    |add_ln1715_620_fu_9638_p2   |         +|   0|  0|   9|           2|           2|
    |add_ln1715_621_fu_9648_p2   |         +|   0|  0|   9|           2|           2|
    |add_ln1715_622_fu_9658_p2   |         +|   0|  0|  10|           3|           3|
    |add_ln1715_623_fu_9668_p2   |         +|   0|  0|   9|           2|           2|
    |add_ln1715_624_fu_9678_p2   |         +|   0|  0|   9|           2|           2|
    |add_ln1715_625_fu_9688_p2   |         +|   0|  0|  10|           3|           3|
    |add_ln1715_626_fu_9698_p2   |         +|   0|  0|  12|           4|           4|
    |add_ln1715_627_fu_9708_p2   |         +|   0|  0|   9|           2|           2|
    |add_ln1715_628_fu_9718_p2   |         +|   0|  0|   9|           2|           2|
    |add_ln1715_629_fu_9728_p2   |         +|   0|  0|  10|           3|           3|
    |add_ln1715_630_fu_9738_p2   |         +|   0|  0|   9|           2|           2|
    |add_ln1715_631_fu_9748_p2   |         +|   0|  0|   9|           2|           2|
    |add_ln1715_632_fu_9758_p2   |         +|   0|  0|  10|           3|           3|
    |add_ln1715_633_fu_9768_p2   |         +|   0|  0|  12|           4|           4|
    |add_ln1715_634_fu_9778_p2   |         +|   0|  0|  12|           5|           5|
    |add_ln1715_635_fu_9788_p2   |         +|   0|  0|  13|           6|           6|
    |add_ln1715_636_fu_9798_p2   |         +|   0|  0|  14|           7|           7|
    |add_ln1715_637_fu_9808_p2   |         +|   0|  0|  15|           8|           8|
    |add_ln1715_638_fu_9818_p2   |         +|   0|  0|   9|           2|           2|
    |add_ln1715_639_fu_9828_p2   |         +|   0|  0|   9|           2|           2|
    |add_ln1715_640_fu_9838_p2   |         +|   0|  0|  10|           3|           3|
    |add_ln1715_641_fu_9848_p2   |         +|   0|  0|   9|           2|           2|
    |add_ln1715_642_fu_9858_p2   |         +|   0|  0|   9|           2|           2|
    |add_ln1715_643_fu_9868_p2   |         +|   0|  0|  10|           3|           3|
    |add_ln1715_644_fu_9878_p2   |         +|   0|  0|  12|           4|           4|
    |add_ln1715_645_fu_9888_p2   |         +|   0|  0|   9|           2|           2|
    |add_ln1715_646_fu_9898_p2   |         +|   0|  0|   9|           2|           2|
    |add_ln1715_647_fu_9908_p2   |         +|   0|  0|  10|           3|           3|
    |add_ln1715_648_fu_9918_p2   |         +|   0|  0|   9|           2|           2|
    |add_ln1715_649_fu_9928_p2   |         +|   0|  0|   9|           2|           2|
    |add_ln1715_650_fu_9938_p2   |         +|   0|  0|  10|           3|           3|
    |add_ln1715_651_fu_9948_p2   |         +|   0|  0|  12|           4|           4|
    |add_ln1715_652_fu_9958_p2   |         +|   0|  0|  12|           5|           5|
    |add_ln1715_653_fu_9968_p2   |         +|   0|  0|   9|           2|           2|
    |add_ln1715_654_fu_9978_p2   |         +|   0|  0|   9|           2|           2|
    |add_ln1715_655_fu_9988_p2   |         +|   0|  0|  10|           3|           3|
    |add_ln1715_656_fu_9998_p2   |         +|   0|  0|   9|           2|           2|
    |add_ln1715_657_fu_10008_p2  |         +|   0|  0|   9|           2|           2|
    |add_ln1715_658_fu_10018_p2  |         +|   0|  0|  10|           3|           3|
    |add_ln1715_659_fu_10028_p2  |         +|   0|  0|  12|           4|           4|
    |add_ln1715_660_fu_10038_p2  |         +|   0|  0|   9|           2|           2|
    |add_ln1715_661_fu_10048_p2  |         +|   0|  0|   9|           2|           2|
    |add_ln1715_662_fu_10058_p2  |         +|   0|  0|  10|           3|           3|
    |add_ln1715_663_fu_10068_p2  |         +|   0|  0|   9|           2|           2|
    |add_ln1715_664_fu_10078_p2  |         +|   0|  0|   9|           2|           2|
    |add_ln1715_665_fu_10088_p2  |         +|   0|  0|  10|           3|           3|
    |add_ln1715_666_fu_10098_p2  |         +|   0|  0|  12|           4|           4|
    |add_ln1715_667_fu_10108_p2  |         +|   0|  0|  12|           5|           5|
    |add_ln1715_668_fu_10118_p2  |         +|   0|  0|  13|           6|           6|
    |add_ln1715_669_fu_10128_p2  |         +|   0|  0|   9|           2|           2|
    |add_ln1715_670_fu_10138_p2  |         +|   0|  0|   9|           2|           2|
    |add_ln1715_671_fu_10148_p2  |         +|   0|  0|  10|           3|           3|
    |add_ln1715_672_fu_10158_p2  |         +|   0|  0|   9|           2|           2|
    |add_ln1715_673_fu_10168_p2  |         +|   0|  0|   9|           2|           2|
    |add_ln1715_674_fu_10178_p2  |         +|   0|  0|  10|           3|           3|
    |add_ln1715_675_fu_10188_p2  |         +|   0|  0|  12|           4|           4|
    |add_ln1715_676_fu_10198_p2  |         +|   0|  0|   9|           2|           2|
    |add_ln1715_677_fu_10208_p2  |         +|   0|  0|   9|           2|           2|
    |add_ln1715_678_fu_10218_p2  |         +|   0|  0|  10|           3|           3|
    |add_ln1715_679_fu_10228_p2  |         +|   0|  0|   9|           2|           2|
    |add_ln1715_680_fu_10238_p2  |         +|   0|  0|   9|           2|           2|
    |add_ln1715_681_fu_10248_p2  |         +|   0|  0|  10|           3|           3|
    |add_ln1715_682_fu_10258_p2  |         +|   0|  0|  12|           4|           4|
    |add_ln1715_683_fu_10268_p2  |         +|   0|  0|  12|           5|           5|
    |add_ln1715_684_fu_10278_p2  |         +|   0|  0|   9|           2|           2|
    |add_ln1715_685_fu_10288_p2  |         +|   0|  0|   9|           2|           2|
    |add_ln1715_686_fu_10298_p2  |         +|   0|  0|  10|           3|           3|
    |add_ln1715_687_fu_10308_p2  |         +|   0|  0|   9|           2|           2|
    |add_ln1715_688_fu_10318_p2  |         +|   0|  0|   9|           2|           2|
    |add_ln1715_689_fu_10328_p2  |         +|   0|  0|  10|           3|           3|
    |add_ln1715_690_fu_10338_p2  |         +|   0|  0|  12|           4|           4|
    |add_ln1715_691_fu_10348_p2  |         +|   0|  0|   9|           2|           2|
    |add_ln1715_692_fu_10358_p2  |         +|   0|  0|   9|           2|           2|
    |add_ln1715_693_fu_10368_p2  |         +|   0|  0|  10|           3|           3|
    |add_ln1715_694_fu_10378_p2  |         +|   0|  0|   9|           2|           2|
    |add_ln1715_695_fu_10388_p2  |         +|   0|  0|   9|           2|           2|
    |add_ln1715_696_fu_10398_p2  |         +|   0|  0|  10|           3|           3|
    |add_ln1715_697_fu_10408_p2  |         +|   0|  0|  12|           4|           4|
    |add_ln1715_698_fu_10418_p2  |         +|   0|  0|  12|           5|           5|
    |add_ln1715_699_fu_10428_p2  |         +|   0|  0|  13|           6|           6|
    |add_ln1715_700_fu_10438_p2  |         +|   0|  0|  14|           7|           7|
    |add_ln1715_701_fu_10448_p2  |         +|   0|  0|   9|           2|           2|
    |add_ln1715_702_fu_10458_p2  |         +|   0|  0|   9|           2|           2|
    |add_ln1715_703_fu_10468_p2  |         +|   0|  0|  10|           3|           3|
    |add_ln1715_704_fu_10478_p2  |         +|   0|  0|   9|           2|           2|
    |add_ln1715_705_fu_10488_p2  |         +|   0|  0|   9|           2|           2|
    |add_ln1715_706_fu_10498_p2  |         +|   0|  0|  10|           3|           3|
    |add_ln1715_707_fu_10508_p2  |         +|   0|  0|  12|           4|           4|
    |add_ln1715_708_fu_10518_p2  |         +|   0|  0|   9|           2|           2|
    |add_ln1715_709_fu_10528_p2  |         +|   0|  0|   9|           2|           2|
    |add_ln1715_710_fu_10538_p2  |         +|   0|  0|  10|           3|           3|
    |add_ln1715_711_fu_10548_p2  |         +|   0|  0|   9|           2|           2|
    |add_ln1715_712_fu_10558_p2  |         +|   0|  0|   9|           2|           2|
    |add_ln1715_713_fu_10568_p2  |         +|   0|  0|  10|           3|           3|
    |add_ln1715_714_fu_10578_p2  |         +|   0|  0|  12|           4|           4|
    |add_ln1715_715_fu_10588_p2  |         +|   0|  0|  12|           5|           5|
    |add_ln1715_716_fu_10598_p2  |         +|   0|  0|   9|           2|           2|
    |add_ln1715_717_fu_10608_p2  |         +|   0|  0|   9|           2|           2|
    |add_ln1715_718_fu_10618_p2  |         +|   0|  0|  10|           3|           3|
    |add_ln1715_719_fu_10628_p2  |         +|   0|  0|   9|           2|           2|
    |add_ln1715_720_fu_10638_p2  |         +|   0|  0|   9|           2|           2|
    |add_ln1715_721_fu_10648_p2  |         +|   0|  0|  10|           3|           3|
    |add_ln1715_722_fu_10658_p2  |         +|   0|  0|  12|           4|           4|
    |add_ln1715_723_fu_10668_p2  |         +|   0|  0|   9|           2|           2|
    |add_ln1715_724_fu_10678_p2  |         +|   0|  0|   9|           2|           2|
    |add_ln1715_725_fu_10688_p2  |         +|   0|  0|  10|           3|           3|
    |add_ln1715_726_fu_10698_p2  |         +|   0|  0|   9|           2|           2|
    |add_ln1715_727_fu_10708_p2  |         +|   0|  0|   9|           2|           2|
    |add_ln1715_728_fu_10718_p2  |         +|   0|  0|  10|           3|           3|
    |add_ln1715_729_fu_10728_p2  |         +|   0|  0|  12|           4|           4|
    |add_ln1715_730_fu_10738_p2  |         +|   0|  0|  12|           5|           5|
    |add_ln1715_731_fu_10748_p2  |         +|   0|  0|  13|           6|           6|
    |add_ln1715_732_fu_10758_p2  |         +|   0|  0|   9|           2|           2|
    |add_ln1715_733_fu_10768_p2  |         +|   0|  0|   9|           2|           2|
    |add_ln1715_734_fu_10778_p2  |         +|   0|  0|  10|           3|           3|
    |add_ln1715_735_fu_10788_p2  |         +|   0|  0|   9|           2|           2|
    |add_ln1715_736_fu_10798_p2  |         +|   0|  0|   9|           2|           2|
    |add_ln1715_737_fu_10808_p2  |         +|   0|  0|  10|           3|           3|
    |add_ln1715_738_fu_10818_p2  |         +|   0|  0|  12|           4|           4|
    |add_ln1715_739_fu_10828_p2  |         +|   0|  0|   9|           2|           2|
    |add_ln1715_740_fu_10838_p2  |         +|   0|  0|   9|           2|           2|
    |add_ln1715_741_fu_10848_p2  |         +|   0|  0|  10|           3|           3|
    |add_ln1715_742_fu_10858_p2  |         +|   0|  0|   9|           2|           2|
    |add_ln1715_743_fu_10868_p2  |         +|   0|  0|   9|           2|           2|
    |add_ln1715_744_fu_10878_p2  |         +|   0|  0|  10|           3|           3|
    |add_ln1715_745_fu_10888_p2  |         +|   0|  0|  12|           4|           4|
    |add_ln1715_746_fu_10898_p2  |         +|   0|  0|  12|           5|           5|
    |add_ln1715_747_fu_10908_p2  |         +|   0|  0|   9|           2|           2|
    |add_ln1715_748_fu_10918_p2  |         +|   0|  0|   9|           2|           2|
    |add_ln1715_749_fu_10928_p2  |         +|   0|  0|  10|           3|           3|
    |add_ln1715_750_fu_10938_p2  |         +|   0|  0|   9|           2|           2|
    |add_ln1715_751_fu_10948_p2  |         +|   0|  0|   9|           2|           2|
    |add_ln1715_752_fu_10958_p2  |         +|   0|  0|  10|           3|           3|
    |add_ln1715_753_fu_10968_p2  |         +|   0|  0|  12|           4|           4|
    |add_ln1715_754_fu_10978_p2  |         +|   0|  0|   9|           2|           2|
    |add_ln1715_755_fu_10988_p2  |         +|   0|  0|   9|           2|           2|
    |add_ln1715_756_fu_10998_p2  |         +|   0|  0|  10|           3|           3|
    |add_ln1715_757_fu_11008_p2  |         +|   0|  0|   9|           2|           2|
    |add_ln1715_758_fu_11018_p2  |         +|   0|  0|   9|           2|           2|
    |add_ln1715_759_fu_11028_p2  |         +|   0|  0|  10|           3|           3|
    |add_ln1715_760_fu_11038_p2  |         +|   0|  0|  12|           4|           4|
    |add_ln1715_761_fu_11048_p2  |         +|   0|  0|  12|           5|           5|
    |add_ln1715_762_fu_11058_p2  |         +|   0|  0|  13|           6|           6|
    |add_ln1715_763_fu_11068_p2  |         +|   0|  0|  14|           7|           7|
    |add_ln1715_764_fu_11078_p2  |         +|   0|  0|  15|           8|           8|
    |add_ln1715_fu_11088_p2      |         +|   0|  0|  16|           9|           9|
    |add_ln213_fu_2648_p2        |         +|   0|  0|  12|           4|           1|
    |output_r_d0                 |         +|   0|  0|  17|          10|          10|
    |icmp_ln213_fu_2642_p2       |      icmp|   0|  0|   9|           4|           4|
    |ap_enable_pp0               |       xor|   0|  0|   2|           1|           2|
    |xor_ln218_1024_fu_2673_p2   |       xor|   0|  0|   2|           1|           2|
    |xor_ln218_1025_fu_2687_p2   |       xor|   0|  0|   2|           1|           1|
    |xor_ln218_1026_fu_2692_p2   |       xor|   0|  0|   2|           1|           2|
    |xor_ln218_1027_fu_2706_p2   |       xor|   0|  0|   2|           1|           1|
    |xor_ln218_1028_fu_2711_p2   |       xor|   0|  0|   2|           1|           2|
    |xor_ln218_1029_fu_2725_p2   |       xor|   0|  0|   2|           1|           1|
    |xor_ln218_1030_fu_2730_p2   |       xor|   0|  0|   2|           1|           2|
    |xor_ln218_1031_fu_2744_p2   |       xor|   0|  0|   2|           1|           1|
    |xor_ln218_1032_fu_2749_p2   |       xor|   0|  0|   2|           1|           2|
    |xor_ln218_1033_fu_2763_p2   |       xor|   0|  0|   2|           1|           1|
    |xor_ln218_1034_fu_2768_p2   |       xor|   0|  0|   2|           1|           2|
    |xor_ln218_1035_fu_2782_p2   |       xor|   0|  0|   2|           1|           1|
    |xor_ln218_1036_fu_2787_p2   |       xor|   0|  0|   2|           1|           2|
    |xor_ln218_1037_fu_2801_p2   |       xor|   0|  0|   2|           1|           1|
    |xor_ln218_1038_fu_2806_p2   |       xor|   0|  0|   2|           1|           2|
    |xor_ln218_1039_fu_2820_p2   |       xor|   0|  0|   2|           1|           1|
    |xor_ln218_1040_fu_2825_p2   |       xor|   0|  0|   2|           1|           2|
    |xor_ln218_1041_fu_2839_p2   |       xor|   0|  0|   2|           1|           1|
    |xor_ln218_1042_fu_2844_p2   |       xor|   0|  0|   2|           1|           2|
    |xor_ln218_1043_fu_2858_p2   |       xor|   0|  0|   2|           1|           1|
    |xor_ln218_1044_fu_2863_p2   |       xor|   0|  0|   2|           1|           2|
    |xor_ln218_1045_fu_2877_p2   |       xor|   0|  0|   2|           1|           1|
    |xor_ln218_1046_fu_2882_p2   |       xor|   0|  0|   2|           1|           2|
    |xor_ln218_1047_fu_2896_p2   |       xor|   0|  0|   2|           1|           1|
    |xor_ln218_1048_fu_2901_p2   |       xor|   0|  0|   2|           1|           2|
    |xor_ln218_1049_fu_2915_p2   |       xor|   0|  0|   2|           1|           1|
    |xor_ln218_1050_fu_2920_p2   |       xor|   0|  0|   2|           1|           2|
    |xor_ln218_1051_fu_2934_p2   |       xor|   0|  0|   2|           1|           1|
    |xor_ln218_1052_fu_2939_p2   |       xor|   0|  0|   2|           1|           2|
    |xor_ln218_1053_fu_2953_p2   |       xor|   0|  0|   2|           1|           1|
    |xor_ln218_1054_fu_2958_p2   |       xor|   0|  0|   2|           1|           2|
    |xor_ln218_1055_fu_2972_p2   |       xor|   0|  0|   2|           1|           1|
    |xor_ln218_1056_fu_2977_p2   |       xor|   0|  0|   2|           1|           2|
    |xor_ln218_1057_fu_2991_p2   |       xor|   0|  0|   2|           1|           1|
    |xor_ln218_1058_fu_2996_p2   |       xor|   0|  0|   2|           1|           2|
    |xor_ln218_1059_fu_3010_p2   |       xor|   0|  0|   2|           1|           1|
    |xor_ln218_1060_fu_3015_p2   |       xor|   0|  0|   2|           1|           2|
    |xor_ln218_1061_fu_3029_p2   |       xor|   0|  0|   2|           1|           1|
    |xor_ln218_1062_fu_3034_p2   |       xor|   0|  0|   2|           1|           2|
    |xor_ln218_1063_fu_3048_p2   |       xor|   0|  0|   2|           1|           1|
    |xor_ln218_1064_fu_3053_p2   |       xor|   0|  0|   2|           1|           2|
    |xor_ln218_1065_fu_3067_p2   |       xor|   0|  0|   2|           1|           1|
    |xor_ln218_1066_fu_3072_p2   |       xor|   0|  0|   2|           1|           2|
    |xor_ln218_1067_fu_3086_p2   |       xor|   0|  0|   2|           1|           1|
    |xor_ln218_1068_fu_3091_p2   |       xor|   0|  0|   2|           1|           2|
    |xor_ln218_1069_fu_3105_p2   |       xor|   0|  0|   2|           1|           1|
    |xor_ln218_1070_fu_3110_p2   |       xor|   0|  0|   2|           1|           2|
    |xor_ln218_1071_fu_3124_p2   |       xor|   0|  0|   2|           1|           1|
    |xor_ln218_1072_fu_3129_p2   |       xor|   0|  0|   2|           1|           2|
    |xor_ln218_1073_fu_3143_p2   |       xor|   0|  0|   2|           1|           1|
    |xor_ln218_1074_fu_3148_p2   |       xor|   0|  0|   2|           1|           2|
    |xor_ln218_1075_fu_3162_p2   |       xor|   0|  0|   2|           1|           1|
    |xor_ln218_1076_fu_3167_p2   |       xor|   0|  0|   2|           1|           2|
    |xor_ln218_1077_fu_3181_p2   |       xor|   0|  0|   2|           1|           1|
    |xor_ln218_1078_fu_3186_p2   |       xor|   0|  0|   2|           1|           2|
    |xor_ln218_1079_fu_3200_p2   |       xor|   0|  0|   2|           1|           1|
    |xor_ln218_1080_fu_3205_p2   |       xor|   0|  0|   2|           1|           2|
    |xor_ln218_1081_fu_3219_p2   |       xor|   0|  0|   2|           1|           1|
    |xor_ln218_1082_fu_3224_p2   |       xor|   0|  0|   2|           1|           2|
    |xor_ln218_1083_fu_3238_p2   |       xor|   0|  0|   2|           1|           1|
    |xor_ln218_1084_fu_3243_p2   |       xor|   0|  0|   2|           1|           2|
    |xor_ln218_1085_fu_3257_p2   |       xor|   0|  0|   2|           1|           1|
    |xor_ln218_1086_fu_3262_p2   |       xor|   0|  0|   2|           1|           2|
    |xor_ln218_1087_fu_3276_p2   |       xor|   0|  0|   2|           1|           1|
    |xor_ln218_1088_fu_3281_p2   |       xor|   0|  0|   2|           1|           2|
    |xor_ln218_1089_fu_3295_p2   |       xor|   0|  0|   2|           1|           1|
    |xor_ln218_1090_fu_3300_p2   |       xor|   0|  0|   2|           1|           2|
    |xor_ln218_1091_fu_3314_p2   |       xor|   0|  0|   2|           1|           1|
    |xor_ln218_1092_fu_3319_p2   |       xor|   0|  0|   2|           1|           2|
    |xor_ln218_1093_fu_3333_p2   |       xor|   0|  0|   2|           1|           1|
    |xor_ln218_1094_fu_3338_p2   |       xor|   0|  0|   2|           1|           2|
    |xor_ln218_1095_fu_3352_p2   |       xor|   0|  0|   2|           1|           1|
    |xor_ln218_1096_fu_3357_p2   |       xor|   0|  0|   2|           1|           2|
    |xor_ln218_1097_fu_3371_p2   |       xor|   0|  0|   2|           1|           1|
    |xor_ln218_1098_fu_3376_p2   |       xor|   0|  0|   2|           1|           2|
    |xor_ln218_1099_fu_3390_p2   |       xor|   0|  0|   2|           1|           1|
    |xor_ln218_1100_fu_3395_p2   |       xor|   0|  0|   2|           1|           2|
    |xor_ln218_1101_fu_3409_p2   |       xor|   0|  0|   2|           1|           1|
    |xor_ln218_1102_fu_3414_p2   |       xor|   0|  0|   2|           1|           2|
    |xor_ln218_1103_fu_3428_p2   |       xor|   0|  0|   2|           1|           1|
    |xor_ln218_1104_fu_3433_p2   |       xor|   0|  0|   2|           1|           2|
    |xor_ln218_1105_fu_3447_p2   |       xor|   0|  0|   2|           1|           1|
    |xor_ln218_1106_fu_3452_p2   |       xor|   0|  0|   2|           1|           2|
    |xor_ln218_1107_fu_3466_p2   |       xor|   0|  0|   2|           1|           1|
    |xor_ln218_1108_fu_3471_p2   |       xor|   0|  0|   2|           1|           2|
    |xor_ln218_1109_fu_3485_p2   |       xor|   0|  0|   2|           1|           1|
    |xor_ln218_1110_fu_3490_p2   |       xor|   0|  0|   2|           1|           2|
    |xor_ln218_1111_fu_3504_p2   |       xor|   0|  0|   2|           1|           1|
    |xor_ln218_1112_fu_3509_p2   |       xor|   0|  0|   2|           1|           2|
    |xor_ln218_1113_fu_3523_p2   |       xor|   0|  0|   2|           1|           1|
    |xor_ln218_1114_fu_3528_p2   |       xor|   0|  0|   2|           1|           2|
    |xor_ln218_1115_fu_3542_p2   |       xor|   0|  0|   2|           1|           1|
    |xor_ln218_1116_fu_3547_p2   |       xor|   0|  0|   2|           1|           2|
    |xor_ln218_1117_fu_3561_p2   |       xor|   0|  0|   2|           1|           1|
    |xor_ln218_1118_fu_3566_p2   |       xor|   0|  0|   2|           1|           2|
    |xor_ln218_1119_fu_3580_p2   |       xor|   0|  0|   2|           1|           1|
    |xor_ln218_1120_fu_3585_p2   |       xor|   0|  0|   2|           1|           2|
    |xor_ln218_1121_fu_3599_p2   |       xor|   0|  0|   2|           1|           1|
    |xor_ln218_1122_fu_3604_p2   |       xor|   0|  0|   2|           1|           2|
    |xor_ln218_1123_fu_3618_p2   |       xor|   0|  0|   2|           1|           1|
    |xor_ln218_1124_fu_3623_p2   |       xor|   0|  0|   2|           1|           2|
    |xor_ln218_1125_fu_3637_p2   |       xor|   0|  0|   2|           1|           1|
    |xor_ln218_1126_fu_3642_p2   |       xor|   0|  0|   2|           1|           2|
    |xor_ln218_1127_fu_3656_p2   |       xor|   0|  0|   2|           1|           1|
    |xor_ln218_1128_fu_3661_p2   |       xor|   0|  0|   2|           1|           2|
    |xor_ln218_1129_fu_3675_p2   |       xor|   0|  0|   2|           1|           1|
    |xor_ln218_1130_fu_3680_p2   |       xor|   0|  0|   2|           1|           2|
    |xor_ln218_1131_fu_3694_p2   |       xor|   0|  0|   2|           1|           1|
    |xor_ln218_1132_fu_3699_p2   |       xor|   0|  0|   2|           1|           2|
    |xor_ln218_1133_fu_3713_p2   |       xor|   0|  0|   2|           1|           1|
    |xor_ln218_1134_fu_3718_p2   |       xor|   0|  0|   2|           1|           2|
    |xor_ln218_1135_fu_3732_p2   |       xor|   0|  0|   2|           1|           1|
    |xor_ln218_1136_fu_3737_p2   |       xor|   0|  0|   2|           1|           2|
    |xor_ln218_1137_fu_3751_p2   |       xor|   0|  0|   2|           1|           1|
    |xor_ln218_1138_fu_3756_p2   |       xor|   0|  0|   2|           1|           2|
    |xor_ln218_1139_fu_3770_p2   |       xor|   0|  0|   2|           1|           1|
    |xor_ln218_1140_fu_3775_p2   |       xor|   0|  0|   2|           1|           2|
    |xor_ln218_1141_fu_3789_p2   |       xor|   0|  0|   2|           1|           1|
    |xor_ln218_1142_fu_3794_p2   |       xor|   0|  0|   2|           1|           2|
    |xor_ln218_1143_fu_3808_p2   |       xor|   0|  0|   2|           1|           1|
    |xor_ln218_1144_fu_3813_p2   |       xor|   0|  0|   2|           1|           2|
    |xor_ln218_1145_fu_3827_p2   |       xor|   0|  0|   2|           1|           1|
    |xor_ln218_1146_fu_3832_p2   |       xor|   0|  0|   2|           1|           2|
    |xor_ln218_1147_fu_3846_p2   |       xor|   0|  0|   2|           1|           1|
    |xor_ln218_1148_fu_3851_p2   |       xor|   0|  0|   2|           1|           2|
    |xor_ln218_1149_fu_3865_p2   |       xor|   0|  0|   2|           1|           1|
    |xor_ln218_1150_fu_3870_p2   |       xor|   0|  0|   2|           1|           2|
    |xor_ln218_1151_fu_3884_p2   |       xor|   0|  0|   2|           1|           1|
    |xor_ln218_1152_fu_3889_p2   |       xor|   0|  0|   2|           1|           2|
    |xor_ln218_1153_fu_3903_p2   |       xor|   0|  0|   2|           1|           1|
    |xor_ln218_1154_fu_3908_p2   |       xor|   0|  0|   2|           1|           2|
    |xor_ln218_1155_fu_3922_p2   |       xor|   0|  0|   2|           1|           1|
    |xor_ln218_1156_fu_3927_p2   |       xor|   0|  0|   2|           1|           2|
    |xor_ln218_1157_fu_3941_p2   |       xor|   0|  0|   2|           1|           1|
    |xor_ln218_1158_fu_3946_p2   |       xor|   0|  0|   2|           1|           2|
    |xor_ln218_1159_fu_3960_p2   |       xor|   0|  0|   2|           1|           1|
    |xor_ln218_1160_fu_3965_p2   |       xor|   0|  0|   2|           1|           2|
    |xor_ln218_1161_fu_3979_p2   |       xor|   0|  0|   2|           1|           1|
    |xor_ln218_1162_fu_3984_p2   |       xor|   0|  0|   2|           1|           2|
    |xor_ln218_1163_fu_3998_p2   |       xor|   0|  0|   2|           1|           1|
    |xor_ln218_1164_fu_4003_p2   |       xor|   0|  0|   2|           1|           2|
    |xor_ln218_1165_fu_4017_p2   |       xor|   0|  0|   2|           1|           1|
    |xor_ln218_1166_fu_4022_p2   |       xor|   0|  0|   2|           1|           2|
    |xor_ln218_1167_fu_4036_p2   |       xor|   0|  0|   2|           1|           1|
    |xor_ln218_1168_fu_4041_p2   |       xor|   0|  0|   2|           1|           2|
    |xor_ln218_1169_fu_4055_p2   |       xor|   0|  0|   2|           1|           1|
    |xor_ln218_1170_fu_4060_p2   |       xor|   0|  0|   2|           1|           2|
    |xor_ln218_1171_fu_4074_p2   |       xor|   0|  0|   2|           1|           1|
    |xor_ln218_1172_fu_4079_p2   |       xor|   0|  0|   2|           1|           2|
    |xor_ln218_1173_fu_4093_p2   |       xor|   0|  0|   2|           1|           1|
    |xor_ln218_1174_fu_4098_p2   |       xor|   0|  0|   2|           1|           2|
    |xor_ln218_1175_fu_4112_p2   |       xor|   0|  0|   2|           1|           1|
    |xor_ln218_1176_fu_4117_p2   |       xor|   0|  0|   2|           1|           2|
    |xor_ln218_1177_fu_4131_p2   |       xor|   0|  0|   2|           1|           1|
    |xor_ln218_1178_fu_4136_p2   |       xor|   0|  0|   2|           1|           2|
    |xor_ln218_1179_fu_4150_p2   |       xor|   0|  0|   2|           1|           1|
    |xor_ln218_1180_fu_4155_p2   |       xor|   0|  0|   2|           1|           2|
    |xor_ln218_1181_fu_4169_p2   |       xor|   0|  0|   2|           1|           1|
    |xor_ln218_1182_fu_4174_p2   |       xor|   0|  0|   2|           1|           2|
    |xor_ln218_1183_fu_4188_p2   |       xor|   0|  0|   2|           1|           1|
    |xor_ln218_1184_fu_4193_p2   |       xor|   0|  0|   2|           1|           2|
    |xor_ln218_1185_fu_4207_p2   |       xor|   0|  0|   2|           1|           1|
    |xor_ln218_1186_fu_4212_p2   |       xor|   0|  0|   2|           1|           2|
    |xor_ln218_1187_fu_4226_p2   |       xor|   0|  0|   2|           1|           1|
    |xor_ln218_1188_fu_4231_p2   |       xor|   0|  0|   2|           1|           2|
    |xor_ln218_1189_fu_4245_p2   |       xor|   0|  0|   2|           1|           1|
    |xor_ln218_1190_fu_4250_p2   |       xor|   0|  0|   2|           1|           2|
    |xor_ln218_1191_fu_4264_p2   |       xor|   0|  0|   2|           1|           1|
    |xor_ln218_1192_fu_4269_p2   |       xor|   0|  0|   2|           1|           2|
    |xor_ln218_1193_fu_4283_p2   |       xor|   0|  0|   2|           1|           1|
    |xor_ln218_1194_fu_4288_p2   |       xor|   0|  0|   2|           1|           2|
    |xor_ln218_1195_fu_4302_p2   |       xor|   0|  0|   2|           1|           1|
    |xor_ln218_1196_fu_4307_p2   |       xor|   0|  0|   2|           1|           2|
    |xor_ln218_1197_fu_4321_p2   |       xor|   0|  0|   2|           1|           1|
    |xor_ln218_1198_fu_4326_p2   |       xor|   0|  0|   2|           1|           2|
    |xor_ln218_1199_fu_4340_p2   |       xor|   0|  0|   2|           1|           1|
    |xor_ln218_1200_fu_4345_p2   |       xor|   0|  0|   2|           1|           2|
    |xor_ln218_1201_fu_4359_p2   |       xor|   0|  0|   2|           1|           1|
    |xor_ln218_1202_fu_4364_p2   |       xor|   0|  0|   2|           1|           2|
    |xor_ln218_1203_fu_4378_p2   |       xor|   0|  0|   2|           1|           1|
    |xor_ln218_1204_fu_4383_p2   |       xor|   0|  0|   2|           1|           2|
    |xor_ln218_1205_fu_4397_p2   |       xor|   0|  0|   2|           1|           1|
    |xor_ln218_1206_fu_4402_p2   |       xor|   0|  0|   2|           1|           2|
    |xor_ln218_1207_fu_4416_p2   |       xor|   0|  0|   2|           1|           1|
    |xor_ln218_1208_fu_4421_p2   |       xor|   0|  0|   2|           1|           2|
    |xor_ln218_1209_fu_4435_p2   |       xor|   0|  0|   2|           1|           1|
    |xor_ln218_1210_fu_4440_p2   |       xor|   0|  0|   2|           1|           2|
    |xor_ln218_1211_fu_4454_p2   |       xor|   0|  0|   2|           1|           1|
    |xor_ln218_1212_fu_4459_p2   |       xor|   0|  0|   2|           1|           2|
    |xor_ln218_1213_fu_4473_p2   |       xor|   0|  0|   2|           1|           1|
    |xor_ln218_1214_fu_4478_p2   |       xor|   0|  0|   2|           1|           2|
    |xor_ln218_1215_fu_4492_p2   |       xor|   0|  0|   2|           1|           1|
    |xor_ln218_1216_fu_4497_p2   |       xor|   0|  0|   2|           1|           2|
    |xor_ln218_1217_fu_4511_p2   |       xor|   0|  0|   2|           1|           1|
    |xor_ln218_1218_fu_4516_p2   |       xor|   0|  0|   2|           1|           2|
    |xor_ln218_1219_fu_4530_p2   |       xor|   0|  0|   2|           1|           1|
    |xor_ln218_1220_fu_4535_p2   |       xor|   0|  0|   2|           1|           2|
    |xor_ln218_1221_fu_4549_p2   |       xor|   0|  0|   2|           1|           1|
    |xor_ln218_1222_fu_4554_p2   |       xor|   0|  0|   2|           1|           2|
    |xor_ln218_1223_fu_4568_p2   |       xor|   0|  0|   2|           1|           1|
    |xor_ln218_1224_fu_4573_p2   |       xor|   0|  0|   2|           1|           2|
    |xor_ln218_1225_fu_4587_p2   |       xor|   0|  0|   2|           1|           1|
    |xor_ln218_1226_fu_4592_p2   |       xor|   0|  0|   2|           1|           2|
    |xor_ln218_1227_fu_4606_p2   |       xor|   0|  0|   2|           1|           1|
    |xor_ln218_1228_fu_4611_p2   |       xor|   0|  0|   2|           1|           2|
    |xor_ln218_1229_fu_4625_p2   |       xor|   0|  0|   2|           1|           1|
    |xor_ln218_1230_fu_4630_p2   |       xor|   0|  0|   2|           1|           2|
    |xor_ln218_1231_fu_4644_p2   |       xor|   0|  0|   2|           1|           1|
    |xor_ln218_1232_fu_4649_p2   |       xor|   0|  0|   2|           1|           2|
    |xor_ln218_1233_fu_4663_p2   |       xor|   0|  0|   2|           1|           1|
    |xor_ln218_1234_fu_4668_p2   |       xor|   0|  0|   2|           1|           2|
    |xor_ln218_1235_fu_4682_p2   |       xor|   0|  0|   2|           1|           1|
    |xor_ln218_1236_fu_4687_p2   |       xor|   0|  0|   2|           1|           2|
    |xor_ln218_1237_fu_4701_p2   |       xor|   0|  0|   2|           1|           1|
    |xor_ln218_1238_fu_4706_p2   |       xor|   0|  0|   2|           1|           2|
    |xor_ln218_1239_fu_4720_p2   |       xor|   0|  0|   2|           1|           1|
    |xor_ln218_1240_fu_4725_p2   |       xor|   0|  0|   2|           1|           2|
    |xor_ln218_1241_fu_4739_p2   |       xor|   0|  0|   2|           1|           1|
    |xor_ln218_1242_fu_4744_p2   |       xor|   0|  0|   2|           1|           2|
    |xor_ln218_1243_fu_4758_p2   |       xor|   0|  0|   2|           1|           1|
    |xor_ln218_1244_fu_4763_p2   |       xor|   0|  0|   2|           1|           2|
    |xor_ln218_1245_fu_4777_p2   |       xor|   0|  0|   2|           1|           1|
    |xor_ln218_1246_fu_4782_p2   |       xor|   0|  0|   2|           1|           2|
    |xor_ln218_1247_fu_4796_p2   |       xor|   0|  0|   2|           1|           1|
    |xor_ln218_1248_fu_4801_p2   |       xor|   0|  0|   2|           1|           2|
    |xor_ln218_1249_fu_4815_p2   |       xor|   0|  0|   2|           1|           1|
    |xor_ln218_1250_fu_4820_p2   |       xor|   0|  0|   2|           1|           2|
    |xor_ln218_1251_fu_4834_p2   |       xor|   0|  0|   2|           1|           1|
    |xor_ln218_1252_fu_4839_p2   |       xor|   0|  0|   2|           1|           2|
    |xor_ln218_1253_fu_4853_p2   |       xor|   0|  0|   2|           1|           1|
    |xor_ln218_1254_fu_4858_p2   |       xor|   0|  0|   2|           1|           2|
    |xor_ln218_1255_fu_4872_p2   |       xor|   0|  0|   2|           1|           1|
    |xor_ln218_1256_fu_4877_p2   |       xor|   0|  0|   2|           1|           2|
    |xor_ln218_1257_fu_4891_p2   |       xor|   0|  0|   2|           1|           1|
    |xor_ln218_1258_fu_4896_p2   |       xor|   0|  0|   2|           1|           2|
    |xor_ln218_1259_fu_4910_p2   |       xor|   0|  0|   2|           1|           1|
    |xor_ln218_1260_fu_4915_p2   |       xor|   0|  0|   2|           1|           2|
    |xor_ln218_1261_fu_4929_p2   |       xor|   0|  0|   2|           1|           1|
    |xor_ln218_1262_fu_4934_p2   |       xor|   0|  0|   2|           1|           2|
    |xor_ln218_1263_fu_4948_p2   |       xor|   0|  0|   2|           1|           1|
    |xor_ln218_1264_fu_4953_p2   |       xor|   0|  0|   2|           1|           2|
    |xor_ln218_1265_fu_4967_p2   |       xor|   0|  0|   2|           1|           1|
    |xor_ln218_1266_fu_4972_p2   |       xor|   0|  0|   2|           1|           2|
    |xor_ln218_1267_fu_4986_p2   |       xor|   0|  0|   2|           1|           1|
    |xor_ln218_1268_fu_4991_p2   |       xor|   0|  0|   2|           1|           2|
    |xor_ln218_1269_fu_5005_p2   |       xor|   0|  0|   2|           1|           1|
    |xor_ln218_1270_fu_5010_p2   |       xor|   0|  0|   2|           1|           2|
    |xor_ln218_1271_fu_5024_p2   |       xor|   0|  0|   2|           1|           1|
    |xor_ln218_1272_fu_5029_p2   |       xor|   0|  0|   2|           1|           2|
    |xor_ln218_1273_fu_5043_p2   |       xor|   0|  0|   2|           1|           1|
    |xor_ln218_1274_fu_5048_p2   |       xor|   0|  0|   2|           1|           2|
    |xor_ln218_1275_fu_5062_p2   |       xor|   0|  0|   2|           1|           1|
    |xor_ln218_1276_fu_5067_p2   |       xor|   0|  0|   2|           1|           2|
    |xor_ln218_1277_fu_5081_p2   |       xor|   0|  0|   2|           1|           1|
    |xor_ln218_1278_fu_5086_p2   |       xor|   0|  0|   2|           1|           2|
    |xor_ln218_1279_fu_5100_p2   |       xor|   0|  0|   2|           1|           1|
    |xor_ln218_1280_fu_5105_p2   |       xor|   0|  0|   2|           1|           2|
    |xor_ln218_1281_fu_5119_p2   |       xor|   0|  0|   2|           1|           1|
    |xor_ln218_1282_fu_5124_p2   |       xor|   0|  0|   2|           1|           2|
    |xor_ln218_1283_fu_5138_p2   |       xor|   0|  0|   2|           1|           1|
    |xor_ln218_1284_fu_5143_p2   |       xor|   0|  0|   2|           1|           2|
    |xor_ln218_1285_fu_5157_p2   |       xor|   0|  0|   2|           1|           1|
    |xor_ln218_1286_fu_5162_p2   |       xor|   0|  0|   2|           1|           2|
    |xor_ln218_1287_fu_5176_p2   |       xor|   0|  0|   2|           1|           1|
    |xor_ln218_1288_fu_5181_p2   |       xor|   0|  0|   2|           1|           2|
    |xor_ln218_1289_fu_5195_p2   |       xor|   0|  0|   2|           1|           1|
    |xor_ln218_1290_fu_5200_p2   |       xor|   0|  0|   2|           1|           2|
    |xor_ln218_1291_fu_5214_p2   |       xor|   0|  0|   2|           1|           1|
    |xor_ln218_1292_fu_5219_p2   |       xor|   0|  0|   2|           1|           2|
    |xor_ln218_1293_fu_5233_p2   |       xor|   0|  0|   2|           1|           1|
    |xor_ln218_1294_fu_5238_p2   |       xor|   0|  0|   2|           1|           2|
    |xor_ln218_1295_fu_5252_p2   |       xor|   0|  0|   2|           1|           1|
    |xor_ln218_1296_fu_5257_p2   |       xor|   0|  0|   2|           1|           2|
    |xor_ln218_1297_fu_5271_p2   |       xor|   0|  0|   2|           1|           1|
    |xor_ln218_1298_fu_5276_p2   |       xor|   0|  0|   2|           1|           2|
    |xor_ln218_1299_fu_5290_p2   |       xor|   0|  0|   2|           1|           1|
    |xor_ln218_1300_fu_5295_p2   |       xor|   0|  0|   2|           1|           2|
    |xor_ln218_1301_fu_5309_p2   |       xor|   0|  0|   2|           1|           1|
    |xor_ln218_1302_fu_5314_p2   |       xor|   0|  0|   2|           1|           2|
    |xor_ln218_1303_fu_5328_p2   |       xor|   0|  0|   2|           1|           1|
    |xor_ln218_1304_fu_5333_p2   |       xor|   0|  0|   2|           1|           2|
    |xor_ln218_1305_fu_5347_p2   |       xor|   0|  0|   2|           1|           1|
    |xor_ln218_1306_fu_5352_p2   |       xor|   0|  0|   2|           1|           2|
    |xor_ln218_1307_fu_5366_p2   |       xor|   0|  0|   2|           1|           1|
    |xor_ln218_1308_fu_5371_p2   |       xor|   0|  0|   2|           1|           2|
    |xor_ln218_1309_fu_5385_p2   |       xor|   0|  0|   2|           1|           1|
    |xor_ln218_1310_fu_5390_p2   |       xor|   0|  0|   2|           1|           2|
    |xor_ln218_1311_fu_5404_p2   |       xor|   0|  0|   2|           1|           1|
    |xor_ln218_1312_fu_5409_p2   |       xor|   0|  0|   2|           1|           2|
    |xor_ln218_1313_fu_5423_p2   |       xor|   0|  0|   2|           1|           1|
    |xor_ln218_1314_fu_5428_p2   |       xor|   0|  0|   2|           1|           2|
    |xor_ln218_1315_fu_5442_p2   |       xor|   0|  0|   2|           1|           1|
    |xor_ln218_1316_fu_5447_p2   |       xor|   0|  0|   2|           1|           2|
    |xor_ln218_1317_fu_5461_p2   |       xor|   0|  0|   2|           1|           1|
    |xor_ln218_1318_fu_5466_p2   |       xor|   0|  0|   2|           1|           2|
    |xor_ln218_1319_fu_5480_p2   |       xor|   0|  0|   2|           1|           1|
    |xor_ln218_1320_fu_5485_p2   |       xor|   0|  0|   2|           1|           2|
    |xor_ln218_1321_fu_5499_p2   |       xor|   0|  0|   2|           1|           1|
    |xor_ln218_1322_fu_5504_p2   |       xor|   0|  0|   2|           1|           2|
    |xor_ln218_1323_fu_5518_p2   |       xor|   0|  0|   2|           1|           1|
    |xor_ln218_1324_fu_5523_p2   |       xor|   0|  0|   2|           1|           2|
    |xor_ln218_1325_fu_5537_p2   |       xor|   0|  0|   2|           1|           1|
    |xor_ln218_1326_fu_5542_p2   |       xor|   0|  0|   2|           1|           2|
    |xor_ln218_1327_fu_5556_p2   |       xor|   0|  0|   2|           1|           1|
    |xor_ln218_1328_fu_5561_p2   |       xor|   0|  0|   2|           1|           2|
    |xor_ln218_1329_fu_5575_p2   |       xor|   0|  0|   2|           1|           1|
    |xor_ln218_1330_fu_5580_p2   |       xor|   0|  0|   2|           1|           2|
    |xor_ln218_1331_fu_5594_p2   |       xor|   0|  0|   2|           1|           1|
    |xor_ln218_1332_fu_5599_p2   |       xor|   0|  0|   2|           1|           2|
    |xor_ln218_1333_fu_5613_p2   |       xor|   0|  0|   2|           1|           1|
    |xor_ln218_1334_fu_5618_p2   |       xor|   0|  0|   2|           1|           2|
    |xor_ln218_1335_fu_5632_p2   |       xor|   0|  0|   2|           1|           1|
    |xor_ln218_1336_fu_5637_p2   |       xor|   0|  0|   2|           1|           2|
    |xor_ln218_1337_fu_5651_p2   |       xor|   0|  0|   2|           1|           1|
    |xor_ln218_1338_fu_5656_p2   |       xor|   0|  0|   2|           1|           2|
    |xor_ln218_1339_fu_5670_p2   |       xor|   0|  0|   2|           1|           1|
    |xor_ln218_1340_fu_5675_p2   |       xor|   0|  0|   2|           1|           2|
    |xor_ln218_1341_fu_5689_p2   |       xor|   0|  0|   2|           1|           1|
    |xor_ln218_1342_fu_5694_p2   |       xor|   0|  0|   2|           1|           2|
    |xor_ln218_1343_fu_5708_p2   |       xor|   0|  0|   2|           1|           1|
    |xor_ln218_1344_fu_5713_p2   |       xor|   0|  0|   2|           1|           2|
    |xor_ln218_1345_fu_5727_p2   |       xor|   0|  0|   2|           1|           1|
    |xor_ln218_1346_fu_5732_p2   |       xor|   0|  0|   2|           1|           2|
    |xor_ln218_1347_fu_5746_p2   |       xor|   0|  0|   2|           1|           1|
    |xor_ln218_1348_fu_5751_p2   |       xor|   0|  0|   2|           1|           2|
    |xor_ln218_1349_fu_5765_p2   |       xor|   0|  0|   2|           1|           1|
    |xor_ln218_1350_fu_5770_p2   |       xor|   0|  0|   2|           1|           2|
    |xor_ln218_1351_fu_5784_p2   |       xor|   0|  0|   2|           1|           1|
    |xor_ln218_1352_fu_5789_p2   |       xor|   0|  0|   2|           1|           2|
    |xor_ln218_1353_fu_5803_p2   |       xor|   0|  0|   2|           1|           1|
    |xor_ln218_1354_fu_5808_p2   |       xor|   0|  0|   2|           1|           2|
    |xor_ln218_1355_fu_5822_p2   |       xor|   0|  0|   2|           1|           1|
    |xor_ln218_1356_fu_5827_p2   |       xor|   0|  0|   2|           1|           2|
    |xor_ln218_1357_fu_5841_p2   |       xor|   0|  0|   2|           1|           1|
    |xor_ln218_1358_fu_5846_p2   |       xor|   0|  0|   2|           1|           2|
    |xor_ln218_1359_fu_5860_p2   |       xor|   0|  0|   2|           1|           1|
    |xor_ln218_1360_fu_5865_p2   |       xor|   0|  0|   2|           1|           2|
    |xor_ln218_1361_fu_5879_p2   |       xor|   0|  0|   2|           1|           1|
    |xor_ln218_1362_fu_5884_p2   |       xor|   0|  0|   2|           1|           2|
    |xor_ln218_1363_fu_5898_p2   |       xor|   0|  0|   2|           1|           1|
    |xor_ln218_1364_fu_5903_p2   |       xor|   0|  0|   2|           1|           2|
    |xor_ln218_1365_fu_5917_p2   |       xor|   0|  0|   2|           1|           1|
    |xor_ln218_1366_fu_5922_p2   |       xor|   0|  0|   2|           1|           2|
    |xor_ln218_1367_fu_5936_p2   |       xor|   0|  0|   2|           1|           1|
    |xor_ln218_1368_fu_5941_p2   |       xor|   0|  0|   2|           1|           2|
    |xor_ln218_1369_fu_5955_p2   |       xor|   0|  0|   2|           1|           1|
    |xor_ln218_1370_fu_5960_p2   |       xor|   0|  0|   2|           1|           2|
    |xor_ln218_1371_fu_5974_p2   |       xor|   0|  0|   2|           1|           1|
    |xor_ln218_1372_fu_5979_p2   |       xor|   0|  0|   2|           1|           2|
    |xor_ln218_1373_fu_5993_p2   |       xor|   0|  0|   2|           1|           1|
    |xor_ln218_1374_fu_5998_p2   |       xor|   0|  0|   2|           1|           2|
    |xor_ln218_1375_fu_6012_p2   |       xor|   0|  0|   2|           1|           1|
    |xor_ln218_1376_fu_6017_p2   |       xor|   0|  0|   2|           1|           2|
    |xor_ln218_1377_fu_6031_p2   |       xor|   0|  0|   2|           1|           1|
    |xor_ln218_1378_fu_6036_p2   |       xor|   0|  0|   2|           1|           2|
    |xor_ln218_1379_fu_6050_p2   |       xor|   0|  0|   2|           1|           1|
    |xor_ln218_1380_fu_6055_p2   |       xor|   0|  0|   2|           1|           2|
    |xor_ln218_1381_fu_6069_p2   |       xor|   0|  0|   2|           1|           1|
    |xor_ln218_1382_fu_6074_p2   |       xor|   0|  0|   2|           1|           2|
    |xor_ln218_1383_fu_6088_p2   |       xor|   0|  0|   2|           1|           1|
    |xor_ln218_1384_fu_6093_p2   |       xor|   0|  0|   2|           1|           2|
    |xor_ln218_1385_fu_6107_p2   |       xor|   0|  0|   2|           1|           1|
    |xor_ln218_1386_fu_6112_p2   |       xor|   0|  0|   2|           1|           2|
    |xor_ln218_1387_fu_6126_p2   |       xor|   0|  0|   2|           1|           1|
    |xor_ln218_1388_fu_6131_p2   |       xor|   0|  0|   2|           1|           2|
    |xor_ln218_1389_fu_6145_p2   |       xor|   0|  0|   2|           1|           1|
    |xor_ln218_1390_fu_6150_p2   |       xor|   0|  0|   2|           1|           2|
    |xor_ln218_1391_fu_6164_p2   |       xor|   0|  0|   2|           1|           1|
    |xor_ln218_1392_fu_6169_p2   |       xor|   0|  0|   2|           1|           2|
    |xor_ln218_1393_fu_6183_p2   |       xor|   0|  0|   2|           1|           1|
    |xor_ln218_1394_fu_6188_p2   |       xor|   0|  0|   2|           1|           2|
    |xor_ln218_1395_fu_6202_p2   |       xor|   0|  0|   2|           1|           1|
    |xor_ln218_1396_fu_6207_p2   |       xor|   0|  0|   2|           1|           2|
    |xor_ln218_1397_fu_6221_p2   |       xor|   0|  0|   2|           1|           1|
    |xor_ln218_1398_fu_6226_p2   |       xor|   0|  0|   2|           1|           2|
    |xor_ln218_1399_fu_6240_p2   |       xor|   0|  0|   2|           1|           1|
    |xor_ln218_1400_fu_6245_p2   |       xor|   0|  0|   2|           1|           2|
    |xor_ln218_1401_fu_6259_p2   |       xor|   0|  0|   2|           1|           1|
    |xor_ln218_1402_fu_6264_p2   |       xor|   0|  0|   2|           1|           2|
    |xor_ln218_1403_fu_6278_p2   |       xor|   0|  0|   2|           1|           1|
    |xor_ln218_1404_fu_6283_p2   |       xor|   0|  0|   2|           1|           2|
    |xor_ln218_1405_fu_6297_p2   |       xor|   0|  0|   2|           1|           1|
    |xor_ln218_1406_fu_6302_p2   |       xor|   0|  0|   2|           1|           2|
    |xor_ln218_1407_fu_6316_p2   |       xor|   0|  0|   2|           1|           1|
    |xor_ln218_1408_fu_6321_p2   |       xor|   0|  0|   2|           1|           2|
    |xor_ln218_1409_fu_6335_p2   |       xor|   0|  0|   2|           1|           1|
    |xor_ln218_1410_fu_6340_p2   |       xor|   0|  0|   2|           1|           2|
    |xor_ln218_1411_fu_6354_p2   |       xor|   0|  0|   2|           1|           1|
    |xor_ln218_1412_fu_6359_p2   |       xor|   0|  0|   2|           1|           2|
    |xor_ln218_1413_fu_6373_p2   |       xor|   0|  0|   2|           1|           1|
    |xor_ln218_1414_fu_6378_p2   |       xor|   0|  0|   2|           1|           2|
    |xor_ln218_1415_fu_6392_p2   |       xor|   0|  0|   2|           1|           1|
    |xor_ln218_1416_fu_6397_p2   |       xor|   0|  0|   2|           1|           2|
    |xor_ln218_1417_fu_6411_p2   |       xor|   0|  0|   2|           1|           1|
    |xor_ln218_1418_fu_6416_p2   |       xor|   0|  0|   2|           1|           2|
    |xor_ln218_1419_fu_6430_p2   |       xor|   0|  0|   2|           1|           1|
    |xor_ln218_1420_fu_6435_p2   |       xor|   0|  0|   2|           1|           2|
    |xor_ln218_1421_fu_6449_p2   |       xor|   0|  0|   2|           1|           1|
    |xor_ln218_1422_fu_6454_p2   |       xor|   0|  0|   2|           1|           2|
    |xor_ln218_1423_fu_6468_p2   |       xor|   0|  0|   2|           1|           1|
    |xor_ln218_1424_fu_6473_p2   |       xor|   0|  0|   2|           1|           2|
    |xor_ln218_1425_fu_6487_p2   |       xor|   0|  0|   2|           1|           1|
    |xor_ln218_1426_fu_6492_p2   |       xor|   0|  0|   2|           1|           2|
    |xor_ln218_1427_fu_6506_p2   |       xor|   0|  0|   2|           1|           1|
    |xor_ln218_1428_fu_6511_p2   |       xor|   0|  0|   2|           1|           2|
    |xor_ln218_1429_fu_6525_p2   |       xor|   0|  0|   2|           1|           1|
    |xor_ln218_1430_fu_6530_p2   |       xor|   0|  0|   2|           1|           2|
    |xor_ln218_1431_fu_6544_p2   |       xor|   0|  0|   2|           1|           1|
    |xor_ln218_1432_fu_6549_p2   |       xor|   0|  0|   2|           1|           2|
    |xor_ln218_1433_fu_6563_p2   |       xor|   0|  0|   2|           1|           1|
    |xor_ln218_1434_fu_6568_p2   |       xor|   0|  0|   2|           1|           2|
    |xor_ln218_1435_fu_6582_p2   |       xor|   0|  0|   2|           1|           1|
    |xor_ln218_1436_fu_6587_p2   |       xor|   0|  0|   2|           1|           2|
    |xor_ln218_1437_fu_6601_p2   |       xor|   0|  0|   2|           1|           1|
    |xor_ln218_1438_fu_6606_p2   |       xor|   0|  0|   2|           1|           2|
    |xor_ln218_1439_fu_6620_p2   |       xor|   0|  0|   2|           1|           1|
    |xor_ln218_1440_fu_6625_p2   |       xor|   0|  0|   2|           1|           2|
    |xor_ln218_1441_fu_6639_p2   |       xor|   0|  0|   2|           1|           1|
    |xor_ln218_1442_fu_6644_p2   |       xor|   0|  0|   2|           1|           2|
    |xor_ln218_1443_fu_6658_p2   |       xor|   0|  0|   2|           1|           1|
    |xor_ln218_1444_fu_6663_p2   |       xor|   0|  0|   2|           1|           2|
    |xor_ln218_1445_fu_6677_p2   |       xor|   0|  0|   2|           1|           1|
    |xor_ln218_1446_fu_6682_p2   |       xor|   0|  0|   2|           1|           2|
    |xor_ln218_1447_fu_6696_p2   |       xor|   0|  0|   2|           1|           1|
    |xor_ln218_1448_fu_6701_p2   |       xor|   0|  0|   2|           1|           2|
    |xor_ln218_1449_fu_6715_p2   |       xor|   0|  0|   2|           1|           1|
    |xor_ln218_1450_fu_6720_p2   |       xor|   0|  0|   2|           1|           2|
    |xor_ln218_1451_fu_6734_p2   |       xor|   0|  0|   2|           1|           1|
    |xor_ln218_1452_fu_6739_p2   |       xor|   0|  0|   2|           1|           2|
    |xor_ln218_1453_fu_6753_p2   |       xor|   0|  0|   2|           1|           1|
    |xor_ln218_1454_fu_6758_p2   |       xor|   0|  0|   2|           1|           2|
    |xor_ln218_1455_fu_6772_p2   |       xor|   0|  0|   2|           1|           1|
    |xor_ln218_1456_fu_6777_p2   |       xor|   0|  0|   2|           1|           2|
    |xor_ln218_1457_fu_6791_p2   |       xor|   0|  0|   2|           1|           1|
    |xor_ln218_1458_fu_6796_p2   |       xor|   0|  0|   2|           1|           2|
    |xor_ln218_1459_fu_6810_p2   |       xor|   0|  0|   2|           1|           1|
    |xor_ln218_1460_fu_6815_p2   |       xor|   0|  0|   2|           1|           2|
    |xor_ln218_1461_fu_6829_p2   |       xor|   0|  0|   2|           1|           1|
    |xor_ln218_1462_fu_6834_p2   |       xor|   0|  0|   2|           1|           2|
    |xor_ln218_1463_fu_6848_p2   |       xor|   0|  0|   2|           1|           1|
    |xor_ln218_1464_fu_6853_p2   |       xor|   0|  0|   2|           1|           2|
    |xor_ln218_1465_fu_6867_p2   |       xor|   0|  0|   2|           1|           1|
    |xor_ln218_1466_fu_6872_p2   |       xor|   0|  0|   2|           1|           2|
    |xor_ln218_1467_fu_6886_p2   |       xor|   0|  0|   2|           1|           1|
    |xor_ln218_1468_fu_6891_p2   |       xor|   0|  0|   2|           1|           2|
    |xor_ln218_1469_fu_6905_p2   |       xor|   0|  0|   2|           1|           1|
    |xor_ln218_1470_fu_6910_p2   |       xor|   0|  0|   2|           1|           2|
    |xor_ln218_1471_fu_6924_p2   |       xor|   0|  0|   2|           1|           1|
    |xor_ln218_1472_fu_6929_p2   |       xor|   0|  0|   2|           1|           2|
    |xor_ln218_1473_fu_6943_p2   |       xor|   0|  0|   2|           1|           1|
    |xor_ln218_1474_fu_6948_p2   |       xor|   0|  0|   2|           1|           2|
    |xor_ln218_1475_fu_6962_p2   |       xor|   0|  0|   2|           1|           1|
    |xor_ln218_1476_fu_6967_p2   |       xor|   0|  0|   2|           1|           2|
    |xor_ln218_1477_fu_6981_p2   |       xor|   0|  0|   2|           1|           1|
    |xor_ln218_1478_fu_6986_p2   |       xor|   0|  0|   2|           1|           2|
    |xor_ln218_1479_fu_7000_p2   |       xor|   0|  0|   2|           1|           1|
    |xor_ln218_1480_fu_7005_p2   |       xor|   0|  0|   2|           1|           2|
    |xor_ln218_1481_fu_7019_p2   |       xor|   0|  0|   2|           1|           1|
    |xor_ln218_1482_fu_7024_p2   |       xor|   0|  0|   2|           1|           2|
    |xor_ln218_1483_fu_7038_p2   |       xor|   0|  0|   2|           1|           1|
    |xor_ln218_1484_fu_7043_p2   |       xor|   0|  0|   2|           1|           2|
    |xor_ln218_1485_fu_7057_p2   |       xor|   0|  0|   2|           1|           1|
    |xor_ln218_1486_fu_7062_p2   |       xor|   0|  0|   2|           1|           2|
    |xor_ln218_1487_fu_7076_p2   |       xor|   0|  0|   2|           1|           1|
    |xor_ln218_1488_fu_7081_p2   |       xor|   0|  0|   2|           1|           2|
    |xor_ln218_1489_fu_7095_p2   |       xor|   0|  0|   2|           1|           1|
    |xor_ln218_1490_fu_7100_p2   |       xor|   0|  0|   2|           1|           2|
    |xor_ln218_1491_fu_7114_p2   |       xor|   0|  0|   2|           1|           1|
    |xor_ln218_1492_fu_7119_p2   |       xor|   0|  0|   2|           1|           2|
    |xor_ln218_1493_fu_7133_p2   |       xor|   0|  0|   2|           1|           1|
    |xor_ln218_1494_fu_7138_p2   |       xor|   0|  0|   2|           1|           2|
    |xor_ln218_1495_fu_7152_p2   |       xor|   0|  0|   2|           1|           1|
    |xor_ln218_1496_fu_7157_p2   |       xor|   0|  0|   2|           1|           2|
    |xor_ln218_1497_fu_7171_p2   |       xor|   0|  0|   2|           1|           1|
    |xor_ln218_1498_fu_7176_p2   |       xor|   0|  0|   2|           1|           2|
    |xor_ln218_1499_fu_7190_p2   |       xor|   0|  0|   2|           1|           1|
    |xor_ln218_1500_fu_7195_p2   |       xor|   0|  0|   2|           1|           2|
    |xor_ln218_1501_fu_7209_p2   |       xor|   0|  0|   2|           1|           1|
    |xor_ln218_1502_fu_7214_p2   |       xor|   0|  0|   2|           1|           2|
    |xor_ln218_1503_fu_7228_p2   |       xor|   0|  0|   2|           1|           1|
    |xor_ln218_1504_fu_7233_p2   |       xor|   0|  0|   2|           1|           2|
    |xor_ln218_1505_fu_7247_p2   |       xor|   0|  0|   2|           1|           1|
    |xor_ln218_1506_fu_7252_p2   |       xor|   0|  0|   2|           1|           2|
    |xor_ln218_1507_fu_7266_p2   |       xor|   0|  0|   2|           1|           1|
    |xor_ln218_1508_fu_7271_p2   |       xor|   0|  0|   2|           1|           2|
    |xor_ln218_1509_fu_7285_p2   |       xor|   0|  0|   2|           1|           1|
    |xor_ln218_1510_fu_7290_p2   |       xor|   0|  0|   2|           1|           2|
    |xor_ln218_1511_fu_7304_p2   |       xor|   0|  0|   2|           1|           1|
    |xor_ln218_1512_fu_7309_p2   |       xor|   0|  0|   2|           1|           2|
    |xor_ln218_1513_fu_7323_p2   |       xor|   0|  0|   2|           1|           1|
    |xor_ln218_1514_fu_7328_p2   |       xor|   0|  0|   2|           1|           2|
    |xor_ln218_1515_fu_7342_p2   |       xor|   0|  0|   2|           1|           1|
    |xor_ln218_1516_fu_7347_p2   |       xor|   0|  0|   2|           1|           2|
    |xor_ln218_1517_fu_7361_p2   |       xor|   0|  0|   2|           1|           1|
    |xor_ln218_1518_fu_7366_p2   |       xor|   0|  0|   2|           1|           2|
    |xor_ln218_1519_fu_7380_p2   |       xor|   0|  0|   2|           1|           1|
    |xor_ln218_1520_fu_7385_p2   |       xor|   0|  0|   2|           1|           2|
    |xor_ln218_1521_fu_7399_p2   |       xor|   0|  0|   2|           1|           1|
    |xor_ln218_1522_fu_7404_p2   |       xor|   0|  0|   2|           1|           2|
    |xor_ln218_1523_fu_7418_p2   |       xor|   0|  0|   2|           1|           1|
    |xor_ln218_1524_fu_7423_p2   |       xor|   0|  0|   2|           1|           2|
    |xor_ln218_1525_fu_7437_p2   |       xor|   0|  0|   2|           1|           1|
    |xor_ln218_1526_fu_7442_p2   |       xor|   0|  0|   2|           1|           2|
    |xor_ln218_1527_fu_7456_p2   |       xor|   0|  0|   2|           1|           1|
    |xor_ln218_1528_fu_7461_p2   |       xor|   0|  0|   2|           1|           2|
    |xor_ln218_1529_fu_7475_p2   |       xor|   0|  0|   2|           1|           1|
    |xor_ln218_1530_fu_7480_p2   |       xor|   0|  0|   2|           1|           2|
    |xor_ln218_1531_fu_7494_p2   |       xor|   0|  0|   2|           1|           1|
    |xor_ln218_1532_fu_7499_p2   |       xor|   0|  0|   2|           1|           2|
    |xor_ln218_1533_fu_7513_p2   |       xor|   0|  0|   2|           1|           1|
    |xor_ln218_1534_fu_7518_p2   |       xor|   0|  0|   2|           1|           2|
    |xor_ln218_fu_2668_p2        |       xor|   0|  0|   2|           1|           1|
    +----------------------------+----------+----+---+----+------------+------------+
    |Total                       |          |   0|  0|3638|        1288|        1542|
    +----------------------------+----------+----+---+----+------------+------------+

    * Multiplexer: 
    +-------------------------+----+-----------+-----+-----------+
    |           Name          | LUT| Input Size| Bits| Total Bits|
    +-------------------------+----+-----------+-----+-----------+
    |ap_done_int              |   9|          2|    1|          2|
    |ap_enable_reg_pp0_iter1  |   9|          2|    1|          2|
    |ap_sig_allocacmp_n_2     |   9|          2|    4|          8|
    |n_fu_554                 |   9|          2|    4|          8|
    +-------------------------+----+-----------+-----+-----------+
    |Total                    |  36|          8|   10|         20|
    +-------------------------+----+-----------+-----+-----------+

    * Register: 
    +-------------------------+---+----+-----+-----------+
    |           Name          | FF| LUT| Bits| Const Bits|
    +-------------------------+---+----+-----+-----------+
    |ap_CS_fsm                |  1|   0|    1|          0|
    |ap_done_reg              |  1|   0|    1|          0|
    |ap_enable_reg_pp0_iter1  |  1|   0|    1|          0|
    |empty_reg_11116          |  1|   0|    1|          0|
    |n_fu_554                 |  4|   0|    4|          0|
    |tmp_1078_reg_11126       |  1|   0|    1|          0|
    |tmp_1079_reg_11131       |  1|   0|    1|          0|
    |tmp_1080_reg_11136       |  1|   0|    1|          0|
    |tmp_1081_reg_11141       |  1|   0|    1|          0|
    |tmp_1082_reg_11146       |  1|   0|    1|          0|
    |tmp_1083_reg_11151       |  1|   0|    1|          0|
    |tmp_1084_reg_11156       |  1|   0|    1|          0|
    |tmp_1085_reg_11161       |  1|   0|    1|          0|
    |tmp_1086_reg_11166       |  1|   0|    1|          0|
    |tmp_1087_reg_11171       |  1|   0|    1|          0|
    |tmp_1088_reg_11176       |  1|   0|    1|          0|
    |tmp_1089_reg_11181       |  1|   0|    1|          0|
    |tmp_1090_reg_11186       |  1|   0|    1|          0|
    |tmp_1091_reg_11191       |  1|   0|    1|          0|
    |tmp_1092_reg_11196       |  1|   0|    1|          0|
    |tmp_1093_reg_11201       |  1|   0|    1|          0|
    |tmp_1094_reg_11206       |  1|   0|    1|          0|
    |tmp_1095_reg_11211       |  1|   0|    1|          0|
    |tmp_1096_reg_11216       |  1|   0|    1|          0|
    |tmp_1097_reg_11221       |  1|   0|    1|          0|
    |tmp_1098_reg_11226       |  1|   0|    1|          0|
    |tmp_1099_reg_11231       |  1|   0|    1|          0|
    |tmp_1100_reg_11236       |  1|   0|    1|          0|
    |tmp_1101_reg_11241       |  1|   0|    1|          0|
    |tmp_1102_reg_11246       |  1|   0|    1|          0|
    |tmp_1103_reg_11251       |  1|   0|    1|          0|
    |tmp_1104_reg_11256       |  1|   0|    1|          0|
    |tmp_1105_reg_11261       |  1|   0|    1|          0|
    |tmp_1106_reg_11266       |  1|   0|    1|          0|
    |tmp_1107_reg_11271       |  1|   0|    1|          0|
    |tmp_1108_reg_11276       |  1|   0|    1|          0|
    |tmp_1109_reg_11281       |  1|   0|    1|          0|
    |tmp_1110_reg_11286       |  1|   0|    1|          0|
    |tmp_1111_reg_11291       |  1|   0|    1|          0|
    |tmp_1112_reg_11296       |  1|   0|    1|          0|
    |tmp_1113_reg_11301       |  1|   0|    1|          0|
    |tmp_1114_reg_11306       |  1|   0|    1|          0|
    |tmp_1115_reg_11311       |  1|   0|    1|          0|
    |tmp_1116_reg_11316       |  1|   0|    1|          0|
    |tmp_1117_reg_11321       |  1|   0|    1|          0|
    |tmp_1118_reg_11326       |  1|   0|    1|          0|
    |tmp_1119_reg_11331       |  1|   0|    1|          0|
    |tmp_1120_reg_11336       |  1|   0|    1|          0|
    |tmp_1121_reg_11341       |  1|   0|    1|          0|
    |tmp_1122_reg_11346       |  1|   0|    1|          0|
    |tmp_1123_reg_11351       |  1|   0|    1|          0|
    |tmp_1124_reg_11356       |  1|   0|    1|          0|
    |tmp_1125_reg_11361       |  1|   0|    1|          0|
    |tmp_1126_reg_11366       |  1|   0|    1|          0|
    |tmp_1127_reg_11371       |  1|   0|    1|          0|
    |tmp_1128_reg_11376       |  1|   0|    1|          0|
    |tmp_1129_reg_11381       |  1|   0|    1|          0|
    |tmp_1130_reg_11386       |  1|   0|    1|          0|
    |tmp_1131_reg_11391       |  1|   0|    1|          0|
    |tmp_1132_reg_11396       |  1|   0|    1|          0|
    |tmp_1133_reg_11401       |  1|   0|    1|          0|
    |tmp_1134_reg_11406       |  1|   0|    1|          0|
    |tmp_1135_reg_11411       |  1|   0|    1|          0|
    |tmp_1136_reg_11416       |  1|   0|    1|          0|
    |tmp_1137_reg_11421       |  1|   0|    1|          0|
    |tmp_1138_reg_11426       |  1|   0|    1|          0|
    |tmp_1139_reg_11431       |  1|   0|    1|          0|
    |tmp_1140_reg_11436       |  1|   0|    1|          0|
    |tmp_1141_reg_11441       |  1|   0|    1|          0|
    |tmp_1142_reg_11446       |  1|   0|    1|          0|
    |tmp_1143_reg_11451       |  1|   0|    1|          0|
    |tmp_1144_reg_11456       |  1|   0|    1|          0|
    |tmp_1145_reg_11461       |  1|   0|    1|          0|
    |tmp_1146_reg_11466       |  1|   0|    1|          0|
    |tmp_1147_reg_11471       |  1|   0|    1|          0|
    |tmp_1148_reg_11476       |  1|   0|    1|          0|
    |tmp_1149_reg_11481       |  1|   0|    1|          0|
    |tmp_1150_reg_11486       |  1|   0|    1|          0|
    |tmp_1151_reg_11491       |  1|   0|    1|          0|
    |tmp_1152_reg_11496       |  1|   0|    1|          0|
    |tmp_1153_reg_11501       |  1|   0|    1|          0|
    |tmp_1154_reg_11506       |  1|   0|    1|          0|
    |tmp_1155_reg_11511       |  1|   0|    1|          0|
    |tmp_1156_reg_11516       |  1|   0|    1|          0|
    |tmp_1157_reg_11521       |  1|   0|    1|          0|
    |tmp_1158_reg_11526       |  1|   0|    1|          0|
    |tmp_1159_reg_11531       |  1|   0|    1|          0|
    |tmp_1160_reg_11536       |  1|   0|    1|          0|
    |tmp_1161_reg_11541       |  1|   0|    1|          0|
    |tmp_1162_reg_11546       |  1|   0|    1|          0|
    |tmp_1163_reg_11551       |  1|   0|    1|          0|
    |tmp_1164_reg_11556       |  1|   0|    1|          0|
    |tmp_1165_reg_11561       |  1|   0|    1|          0|
    |tmp_1166_reg_11566       |  1|   0|    1|          0|
    |tmp_1167_reg_11571       |  1|   0|    1|          0|
    |tmp_1168_reg_11576       |  1|   0|    1|          0|
    |tmp_1169_reg_11581       |  1|   0|    1|          0|
    |tmp_1170_reg_11586       |  1|   0|    1|          0|
    |tmp_1171_reg_11591       |  1|   0|    1|          0|
    |tmp_1172_reg_11596       |  1|   0|    1|          0|
    |tmp_1173_reg_11601       |  1|   0|    1|          0|
    |tmp_1174_reg_11606       |  1|   0|    1|          0|
    |tmp_1175_reg_11611       |  1|   0|    1|          0|
    |tmp_1176_reg_11616       |  1|   0|    1|          0|
    |tmp_1177_reg_11621       |  1|   0|    1|          0|
    |tmp_1178_reg_11626       |  1|   0|    1|          0|
    |tmp_1179_reg_11631       |  1|   0|    1|          0|
    |tmp_1180_reg_11636       |  1|   0|    1|          0|
    |tmp_1181_reg_11641       |  1|   0|    1|          0|
    |tmp_1182_reg_11646       |  1|   0|    1|          0|
    |tmp_1183_reg_11651       |  1|   0|    1|          0|
    |tmp_1184_reg_11656       |  1|   0|    1|          0|
    |tmp_1185_reg_11661       |  1|   0|    1|          0|
    |tmp_1186_reg_11666       |  1|   0|    1|          0|
    |tmp_1187_reg_11671       |  1|   0|    1|          0|
    |tmp_1188_reg_11676       |  1|   0|    1|          0|
    |tmp_1189_reg_11681       |  1|   0|    1|          0|
    |tmp_1190_reg_11686       |  1|   0|    1|          0|
    |tmp_1191_reg_11691       |  1|   0|    1|          0|
    |tmp_1192_reg_11696       |  1|   0|    1|          0|
    |tmp_1193_reg_11701       |  1|   0|    1|          0|
    |tmp_1194_reg_11706       |  1|   0|    1|          0|
    |tmp_1195_reg_11711       |  1|   0|    1|          0|
    |tmp_1196_reg_11716       |  1|   0|    1|          0|
    |tmp_1197_reg_11721       |  1|   0|    1|          0|
    |tmp_1198_reg_11726       |  1|   0|    1|          0|
    |tmp_1199_reg_11731       |  1|   0|    1|          0|
    |tmp_1200_reg_11736       |  1|   0|    1|          0|
    |tmp_1201_reg_11741       |  1|   0|    1|          0|
    |tmp_1202_reg_11746       |  1|   0|    1|          0|
    |tmp_1203_reg_11751       |  1|   0|    1|          0|
    |tmp_1204_reg_11756       |  1|   0|    1|          0|
    |tmp_1205_reg_11761       |  1|   0|    1|          0|
    |tmp_1206_reg_11766       |  1|   0|    1|          0|
    |tmp_1207_reg_11771       |  1|   0|    1|          0|
    |tmp_1208_reg_11776       |  1|   0|    1|          0|
    |tmp_1209_reg_11781       |  1|   0|    1|          0|
    |tmp_1210_reg_11786       |  1|   0|    1|          0|
    |tmp_1211_reg_11791       |  1|   0|    1|          0|
    |tmp_1212_reg_11796       |  1|   0|    1|          0|
    |tmp_1213_reg_11801       |  1|   0|    1|          0|
    |tmp_1214_reg_11806       |  1|   0|    1|          0|
    |tmp_1215_reg_11811       |  1|   0|    1|          0|
    |tmp_1216_reg_11816       |  1|   0|    1|          0|
    |tmp_1217_reg_11821       |  1|   0|    1|          0|
    |tmp_1218_reg_11826       |  1|   0|    1|          0|
    |tmp_1219_reg_11831       |  1|   0|    1|          0|
    |tmp_1220_reg_11836       |  1|   0|    1|          0|
    |tmp_1221_reg_11841       |  1|   0|    1|          0|
    |tmp_1222_reg_11846       |  1|   0|    1|          0|
    |tmp_1223_reg_11851       |  1|   0|    1|          0|
    |tmp_1224_reg_11856       |  1|   0|    1|          0|
    |tmp_1225_reg_11861       |  1|   0|    1|          0|
    |tmp_1226_reg_11866       |  1|   0|    1|          0|
    |tmp_1227_reg_11871       |  1|   0|    1|          0|
    |tmp_1228_reg_11876       |  1|   0|    1|          0|
    |tmp_1229_reg_11881       |  1|   0|    1|          0|
    |tmp_1230_reg_11886       |  1|   0|    1|          0|
    |tmp_1231_reg_11891       |  1|   0|    1|          0|
    |tmp_1232_reg_11896       |  1|   0|    1|          0|
    |tmp_1233_reg_11901       |  1|   0|    1|          0|
    |tmp_1234_reg_11906       |  1|   0|    1|          0|
    |tmp_1235_reg_11911       |  1|   0|    1|          0|
    |tmp_1236_reg_11916       |  1|   0|    1|          0|
    |tmp_1237_reg_11921       |  1|   0|    1|          0|
    |tmp_1238_reg_11926       |  1|   0|    1|          0|
    |tmp_1239_reg_11931       |  1|   0|    1|          0|
    |tmp_1240_reg_11936       |  1|   0|    1|          0|
    |tmp_1241_reg_11941       |  1|   0|    1|          0|
    |tmp_1242_reg_11946       |  1|   0|    1|          0|
    |tmp_1243_reg_11951       |  1|   0|    1|          0|
    |tmp_1244_reg_11956       |  1|   0|    1|          0|
    |tmp_1245_reg_11961       |  1|   0|    1|          0|
    |tmp_1246_reg_11966       |  1|   0|    1|          0|
    |tmp_1247_reg_11971       |  1|   0|    1|          0|
    |tmp_1248_reg_11976       |  1|   0|    1|          0|
    |tmp_1249_reg_11981       |  1|   0|    1|          0|
    |tmp_1250_reg_11986       |  1|   0|    1|          0|
    |tmp_1251_reg_11991       |  1|   0|    1|          0|
    |tmp_1252_reg_11996       |  1|   0|    1|          0|
    |tmp_1253_reg_12001       |  1|   0|    1|          0|
    |tmp_1254_reg_12006       |  1|   0|    1|          0|
    |tmp_1255_reg_12011       |  1|   0|    1|          0|
    |tmp_1256_reg_12016       |  1|   0|    1|          0|
    |tmp_1257_reg_12021       |  1|   0|    1|          0|
    |tmp_1258_reg_12026       |  1|   0|    1|          0|
    |tmp_1259_reg_12031       |  1|   0|    1|          0|
    |tmp_1260_reg_12036       |  1|   0|    1|          0|
    |tmp_1261_reg_12041       |  1|   0|    1|          0|
    |tmp_1262_reg_12046       |  1|   0|    1|          0|
    |tmp_1263_reg_12051       |  1|   0|    1|          0|
    |tmp_1264_reg_12056       |  1|   0|    1|          0|
    |tmp_1265_reg_12061       |  1|   0|    1|          0|
    |tmp_1266_reg_12066       |  1|   0|    1|          0|
    |tmp_1267_reg_12071       |  1|   0|    1|          0|
    |tmp_1268_reg_12076       |  1|   0|    1|          0|
    |tmp_1269_reg_12081       |  1|   0|    1|          0|
    |tmp_1270_reg_12086       |  1|   0|    1|          0|
    |tmp_1271_reg_12091       |  1|   0|    1|          0|
    |tmp_1272_reg_12096       |  1|   0|    1|          0|
    |tmp_1273_reg_12101       |  1|   0|    1|          0|
    |tmp_1274_reg_12106       |  1|   0|    1|          0|
    |tmp_1275_reg_12111       |  1|   0|    1|          0|
    |tmp_1276_reg_12116       |  1|   0|    1|          0|
    |tmp_1277_reg_12121       |  1|   0|    1|          0|
    |tmp_1278_reg_12126       |  1|   0|    1|          0|
    |tmp_1279_reg_12131       |  1|   0|    1|          0|
    |tmp_1280_reg_12136       |  1|   0|    1|          0|
    |tmp_1281_reg_12141       |  1|   0|    1|          0|
    |tmp_1282_reg_12146       |  1|   0|    1|          0|
    |tmp_1283_reg_12151       |  1|   0|    1|          0|
    |tmp_1284_reg_12156       |  1|   0|    1|          0|
    |tmp_1285_reg_12161       |  1|   0|    1|          0|
    |tmp_1286_reg_12166       |  1|   0|    1|          0|
    |tmp_1287_reg_12171       |  1|   0|    1|          0|
    |tmp_1288_reg_12176       |  1|   0|    1|          0|
    |tmp_1289_reg_12181       |  1|   0|    1|          0|
    |tmp_1290_reg_12186       |  1|   0|    1|          0|
    |tmp_1291_reg_12191       |  1|   0|    1|          0|
    |tmp_1292_reg_12196       |  1|   0|    1|          0|
    |tmp_1293_reg_12201       |  1|   0|    1|          0|
    |tmp_1294_reg_12206       |  1|   0|    1|          0|
    |tmp_1295_reg_12211       |  1|   0|    1|          0|
    |tmp_1296_reg_12216       |  1|   0|    1|          0|
    |tmp_1297_reg_12221       |  1|   0|    1|          0|
    |tmp_1298_reg_12226       |  1|   0|    1|          0|
    |tmp_1299_reg_12231       |  1|   0|    1|          0|
    |tmp_1300_reg_12236       |  1|   0|    1|          0|
    |tmp_1301_reg_12241       |  1|   0|    1|          0|
    |tmp_1302_reg_12246       |  1|   0|    1|          0|
    |tmp_1303_reg_12251       |  1|   0|    1|          0|
    |tmp_1304_reg_12256       |  1|   0|    1|          0|
    |tmp_1305_reg_12261       |  1|   0|    1|          0|
    |tmp_1306_reg_12266       |  1|   0|    1|          0|
    |tmp_1307_reg_12271       |  1|   0|    1|          0|
    |tmp_1308_reg_12276       |  1|   0|    1|          0|
    |tmp_1309_reg_12281       |  1|   0|    1|          0|
    |tmp_1310_reg_12286       |  1|   0|    1|          0|
    |tmp_1311_reg_12291       |  1|   0|    1|          0|
    |tmp_1312_reg_12296       |  1|   0|    1|          0|
    |tmp_1313_reg_12301       |  1|   0|    1|          0|
    |tmp_1314_reg_12306       |  1|   0|    1|          0|
    |tmp_1315_reg_12311       |  1|   0|    1|          0|
    |tmp_1316_reg_12316       |  1|   0|    1|          0|
    |tmp_1317_reg_12321       |  1|   0|    1|          0|
    |tmp_1318_reg_12326       |  1|   0|    1|          0|
    |tmp_1319_reg_12331       |  1|   0|    1|          0|
    |tmp_1320_reg_12336       |  1|   0|    1|          0|
    |tmp_1321_reg_12341       |  1|   0|    1|          0|
    |tmp_1322_reg_12346       |  1|   0|    1|          0|
    |tmp_1323_reg_12351       |  1|   0|    1|          0|
    |tmp_1324_reg_12356       |  1|   0|    1|          0|
    |tmp_1325_reg_12361       |  1|   0|    1|          0|
    |tmp_1326_reg_12366       |  1|   0|    1|          0|
    |tmp_1327_reg_12371       |  1|   0|    1|          0|
    |tmp_1328_reg_12376       |  1|   0|    1|          0|
    |tmp_1329_reg_12381       |  1|   0|    1|          0|
    |tmp_1330_reg_12386       |  1|   0|    1|          0|
    |tmp_1331_reg_12391       |  1|   0|    1|          0|
    |tmp_reg_11121            |  1|   0|    1|          0|
    |zext_ln213_reg_12399     |  4|   0|   64|         60|
    +-------------------------+---+----+-----+-----------+
    |Total                    |267|   0|  327|         60|
    +-------------------------+---+----+-----+-----------+



================================================================
== Interface
================================================================
* Summary: 
+-------------------+-----+-----+------------+----------------+--------------+
|     RTL Ports     | Dir | Bits|  Protocol  |  Source Object |    C Type    |
+-------------------+-----+-----+------------+----------------+--------------+
|ap_clk             |   in|    1|  ap_ctrl_hs|  dense<256, 10>|  return value|
|ap_rst             |   in|    1|  ap_ctrl_hs|  dense<256, 10>|  return value|
|ap_start           |   in|    1|  ap_ctrl_hs|  dense<256, 10>|  return value|
|ap_done            |  out|    1|  ap_ctrl_hs|  dense<256, 10>|  return value|
|ap_idle            |  out|    1|  ap_ctrl_hs|  dense<256, 10>|  return value|
|ap_ready           |  out|    1|  ap_ctrl_hs|  dense<256, 10>|  return value|
|p_read             |   in|  256|     ap_none|          p_read|        scalar|
|output_r_address0  |  out|    4|   ap_memory|        output_r|         array|
|output_r_ce0       |  out|    1|   ap_memory|        output_r|         array|
|output_r_we0       |  out|    1|   ap_memory|        output_r|         array|
|output_r_d0        |  out|   10|   ap_memory|        output_r|         array|
+-------------------+-----+-----+------------+----------------+--------------+

